;  LST file generated by mikroListExporter - v.2.0 
; Date/Time: 5/28/2025 3:42:29 AM
;----------------------------------------------

;Address Opcode 	ASM
0x0000	0x2A05      	GOTO       517
_interrupt:
0x0004	0x00FF      	MOVWF      R15
0x0005	0x0E03      	SWAPF      STATUS, 0
0x0006	0x0183      	CLRF       STATUS
0x0007	0x00BA      	MOVWF      ___saveSTATUS
0x0008	0x080A      	MOVF       PCLATH, 0
0x0009	0x00B9      	MOVWF      ___savePCLATH
0x000A	0x018A      	CLRF       PCLATH
0x000B	0x0870      	MOVF       R0, 0
0x000C	0x00A1      	MOVWF      33
;Code_embedded.c,65 :: 		void interrupt() {
;Code_embedded.c,66 :: 		if (INTCON.T0IF) {
0x000D	0x1D0B      	BTFSS      INTCON, 2
0x000E	0x2819      	GOTO       L_interrupt5
;Code_embedded.c,67 :: 		INTCON.T0IF = 0;    // clear overflow flag
0x000F	0x110B      	BCF        INTCON, 2
;Code_embedded.c,68 :: 		TMR0        = 6;    // reload for next ~64ms
0x0010	0x3006      	MOVLW      6
0x0011	0x0081      	MOVWF      TMR0
;Code_embedded.c,71 :: 		if (PORTD & FLAME_SENSOR_MASK) {
0x0012	0x0827      	MOVF       _FLAME_SENSOR_MASK, 0
0x0013	0x0508      	ANDWF      PORTD, 0
0x0014	0x00F0      	MOVWF      R0
0x0015	0x1903      	BTFSC      STATUS, 2
0x0016	0x2819      	GOTO       L_interrupt6
;Code_embedded.c,72 :: 		flameDetected = 1;
0x0017	0x3001      	MOVLW      1
0x0018	0x00B8      	MOVWF      _flameDetected
;Code_embedded.c,73 :: 		}
L_interrupt6:
;Code_embedded.c,74 :: 		}
L_interrupt5:
;Code_embedded.c,75 :: 		}
L_end_interrupt:
L__interrupt38:
0x0019	0x0821      	MOVF       33, 0
0x001A	0x00F0      	MOVWF      R0
0x001B	0x0839      	MOVF       ___savePCLATH, 0
0x001C	0x008A      	MOVWF      PCLATH
0x001D	0x0E3A      	SWAPF      ___saveSTATUS, 0
0x001E	0x0083      	MOVWF      STATUS
0x001F	0x0EFF      	SWAPF      R15, 1
0x0020	0x0E7F      	SWAPF      R15, 0
0x0021	0x0009      	RETFIE
; end of _interrupt
_RES032:
;__Lib_MathDouble.c,123 :: 		
;__Lib_MathDouble.c,128 :: 		
0x0022	0x01F2      	CLRF       R2
;__Lib_MathDouble.c,129 :: 		
0x0023	0x01F1      	CLRF       R1
;__Lib_MathDouble.c,130 :: 		
0x0024	0x01F0      	CLRF       R0
;__Lib_MathDouble.c,131 :: 		
0x0025	0x01F8      	CLRF       R8
;__Lib_MathDouble.c,132 :: 		
0x0026	0x01F3      	CLRF       R3
;__Lib_MathDouble.c,133 :: 		
0x0027	0x3000      	MOVLW      0
;__Lib_MathDouble.c,135 :: 		
L_end_RES032:
0x0028	0x0008      	RETURN
; end of _RES032
_SETFUN32:
;__Lib_MathDouble.c,138 :: 		
;__Lib_MathDouble.c,145 :: 		
0x0029	0x157B      	BSF        R11, 2
;__Lib_MathDouble.c,146 :: 		
0x002A	0x1FFB      	BTFSS      R11, 7
;__Lib_MathDouble.c,147 :: 		
0x002B	0x2833      	GOTO       SETFUN32EEE
;__Lib_MathDouble.c,148 :: 		
0x002C	0x3001      	MOVLW      1
;__Lib_MathDouble.c,149 :: 		
0x002D	0x00F3      	MOVWF      R3
;__Lib_MathDouble.c,150 :: 		
0x002E	0x01F2      	CLRF       R2
;__Lib_MathDouble.c,151 :: 		
0x002F	0x01F1      	CLRF       R1
;__Lib_MathDouble.c,152 :: 		
0x0030	0x01F0      	CLRF       R0
;__Lib_MathDouble.c,153 :: 		
0x0031	0x0DFA      	RLF        R10, 1
;__Lib_MathDouble.c,154 :: 		
0x0032	0x0CF2      	RRF        R2, 1
;__Lib_MathDouble.c,155 :: 		
SETFUN32EEE:
;__Lib_MathDouble.c,156 :: 		
0x0033	0x30FF      	MOVLW      255
;__Lib_MathDouble.c,158 :: 		
L_end_SETFUN32:
0x0034	0x0008      	RETURN
; end of _SETFUN32
_FIXSIGN32:
;__Lib_MathDouble.c,112 :: 		
;__Lib_MathDouble.c,116 :: 		
0x0035	0x1FFA      	BTFSS      R10, 7
;__Lib_MathDouble.c,117 :: 		
0x0036	0x13F2      	BCF        R2, 7
;__Lib_MathDouble.c,118 :: 		
0x0037	0x3000      	MOVLW      0
;__Lib_MathDouble.c,120 :: 		
L_end_FIXSIGN32:
0x0038	0x0008      	RETURN
; end of _FIXSIGN32
_NRM3232:
;__Lib_MathDouble.c,167 :: 		
;__Lib_MathDouble.c,173 :: 		
;__Lib_MathDouble.c,175 :: 		
0x0039	0x01A0      	CLRF       __math_tempbD
;__Lib_MathDouble.c,176 :: 		
0x003A	0x0872      	MOVF       R2, 0
;__Lib_MathDouble.c,177 :: 		
0x003B	0x1D03      	BTFSS      STATUS, 2
;__Lib_MathDouble.c,178 :: 		
0x003C	0x284E      	GOTO       NORM3232
;__Lib_MathDouble.c,179 :: 		
0x003D	0x0871      	MOVF       R1, 0
;__Lib_MathDouble.c,180 :: 		
0x003E	0x00F2      	MOVWF      R2
;__Lib_MathDouble.c,181 :: 		
0x003F	0x0870      	MOVF       R0, 0
;__Lib_MathDouble.c,182 :: 		
0x0040	0x00F1      	MOVWF      R1
;__Lib_MathDouble.c,183 :: 		
0x0041	0x01F0      	CLRF       R0
;__Lib_MathDouble.c,184 :: 		
0x0042	0x15A0      	BSF        __math_tempbD, 3
;__Lib_MathDouble.c,186 :: 		
0x0043	0x0872      	MOVF       R2, 0
;__Lib_MathDouble.c,187 :: 		
0x0044	0x1D03      	BTFSS      STATUS, 2
;__Lib_MathDouble.c,188 :: 		
0x0045	0x284E      	GOTO       NORM3232
;__Lib_MathDouble.c,189 :: 		
0x0046	0x0871      	MOVF       R1, 0
;__Lib_MathDouble.c,190 :: 		
0x0047	0x00F2      	MOVWF      R2
;__Lib_MathDouble.c,191 :: 		
0x0048	0x01F1      	CLRF       R1
;__Lib_MathDouble.c,192 :: 		
0x0049	0x11A0      	BCF        __math_tempbD, 3
;__Lib_MathDouble.c,193 :: 		
0x004A	0x1620      	BSF        __math_tempbD, 4
;__Lib_MathDouble.c,195 :: 		
0x004B	0x0872      	MOVF       R2, 0
;__Lib_MathDouble.c,196 :: 		
0x004C	0x1903      	BTFSC      STATUS, 2
;__Lib_MathDouble.c,197 :: 		
0x004D	0x285C      	GOTO       JPNRES032
;__Lib_MathDouble.c,198 :: 		
NORM3232:
;__Lib_MathDouble.c,199 :: 		
0x004E	0x0820      	MOVF       __math_tempbD, 0
;__Lib_MathDouble.c,200 :: 		
0x004F	0x02F3      	SUBWF      R3, 1
;__Lib_MathDouble.c,201 :: 		
0x0050	0x1D03      	BTFSS      STATUS, 2
;__Lib_MathDouble.c,202 :: 		
0x0051	0x1C03      	BTFSS      STATUS, 0
;__Lib_MathDouble.c,203 :: 		
0x0052	0x2860      	GOTO       JPNSETFUN32
;__Lib_MathDouble.c,204 :: 		
0x0053	0x1003      	BCF        STATUS, 0
;__Lib_MathDouble.c,205 :: 		
NORM3232A:
;__Lib_MathDouble.c,206 :: 		
0x0054	0x1BF2      	BTFSC      R2, 7
;__Lib_MathDouble.c,207 :: 		
0x0055	0x2864      	GOTO       JMPNFIXSIGN32
;__Lib_MathDouble.c,208 :: 		
0x0056	0x0DF0      	RLF        R0, 1
;__Lib_MathDouble.c,209 :: 		
0x0057	0x0DF1      	RLF        R1, 1
;__Lib_MathDouble.c,210 :: 		
0x0058	0x0DF2      	RLF        R2, 1
;__Lib_MathDouble.c,211 :: 		
0x0059	0x0BF3      	DECFSZ     R3, 1
;__Lib_MathDouble.c,212 :: 		
0x005A	0x2854      	GOTO       NORM3232A
;__Lib_MathDouble.c,213 :: 		
0x005B	0x2860      	GOTO       JPNSETFUN32
;__Lib_MathDouble.c,214 :: 		
JPNRES032:
;__Lib_MathDouble.c,215 :: 		
0x005C	0x3001      	MOVLW      1
;__Lib_MathDouble.c,216 :: 		
0x005D	0x00FC      	MOVWF      R12
;__Lib_MathDouble.c,218 :: 		
0x005E	0x2022      	CALL       _RES032
;__Lib_MathDouble.c,220 :: 		
0x005F	0x2867      	GOTO       NORM32EEE
;__Lib_MathDouble.c,221 :: 		
JPNSETFUN32:
;__Lib_MathDouble.c,222 :: 		
0x0060	0x3002      	MOVLW      2
;__Lib_MathDouble.c,223 :: 		
0x0061	0x00FC      	MOVWF      R12
;__Lib_MathDouble.c,225 :: 		
0x0062	0x2029      	CALL       _SETFUN32
;__Lib_MathDouble.c,227 :: 		
0x0063	0x2867      	GOTO       NORM32EEE
;__Lib_MathDouble.c,228 :: 		
JMPNFIXSIGN32:
;__Lib_MathDouble.c,229 :: 		
0x0064	0x3004      	MOVLW      4
;__Lib_MathDouble.c,230 :: 		
0x0065	0x00FC      	MOVWF      R12
;__Lib_MathDouble.c,232 :: 		
0x0066	0x2035      	CALL       _FIXSIGN32
;__Lib_MathDouble.c,234 :: 		
NORM32EEE:
;__Lib_MathDouble.c,236 :: 		
L_end_NRM3232:
0x0067	0x0008      	RETURN
; end of _NRM3232
_Mul_8X8_U:
;__Lib_Math.c,103 :: 		
;__Lib_Math.c,108 :: 		
0x0068	0x1283      	BCF        STATUS, 5
;__Lib_Math.c,109 :: 		
0x0069	0x1303      	BCF        STATUS, 6
;__Lib_Math.c,110 :: 		
0x006A	0x0870      	MOVF       R0, 0
;__Lib_Math.c,111 :: 		
0x006B	0x00F1      	MOVWF      R1
;__Lib_Math.c,112 :: 		
0x006C	0x01F0      	CLRF       R0
;__Lib_Math.c,113 :: 		
0x006D	0x3008      	MOVLW      8
;__Lib_Math.c,114 :: 		
0x006E	0x00FC      	MOVWF      R12
;__Lib_Math.c,115 :: 		
0x006F	0x0871      	MOVF       R1, 0
;__Lib_Math.c,116 :: 		
0x0070	0x0CF4      	RRF        R4, 1
;__Lib_Math.c,117 :: 		
0x0071	0x1803      	BTFSC      STATUS, 0
;__Lib_Math.c,118 :: 		
0x0072	0x2877      	GOTO       $+5
;__Lib_Math.c,119 :: 		
0x0073	0x0BFC      	DECFSZ     R12, 1
;__Lib_Math.c,120 :: 		
0x0074	0x2870      	GOTO       $-4
;__Lib_Math.c,121 :: 		
0x0075	0x01F1      	CLRF       R1
;__Lib_Math.c,122 :: 		
0x0076	0x3400      	RETLW      0
;__Lib_Math.c,123 :: 		
0x0077	0x1003      	BCF        STATUS, 0
;__Lib_Math.c,124 :: 		
0x0078	0x287C      	GOTO       $+4
;__Lib_Math.c,125 :: 		
0x0079	0x0CF4      	RRF        R4, 1
;__Lib_Math.c,126 :: 		
0x007A	0x1803      	BTFSC      STATUS, 0
;__Lib_Math.c,127 :: 		
0x007B	0x07F1      	ADDWF      R1, 1
;__Lib_Math.c,128 :: 		
0x007C	0x0CF1      	RRF        R1, 1
;__Lib_Math.c,129 :: 		
0x007D	0x0CF0      	RRF        R0, 1
;__Lib_Math.c,130 :: 		
0x007E	0x0BFC      	DECFSZ     R12, 1
;__Lib_Math.c,131 :: 		
0x007F	0x2879      	GOTO       $-6
;__Lib_Math.c,133 :: 		
;__Lib_Math.c,134 :: 		
L_end_Mul_8X8_U:
0x0080	0x0008      	RETURN
; end of _Mul_8X8_U
_____DoICP:
;__Lib_System.c,6 :: 		
;__Lib_System.c,9 :: 		
0x0081	0x1283      	BCF        STATUS, 5
0x0082	0x1303      	BCF        STATUS, 6
0x0083	0x083C      	MOVF       ___DoICPAddr+1, 0
0x0084	0x008A      	MOVWF      PCLATH
;__Lib_System.c,10 :: 		
0x0085	0x083B      	MOVF       ___DoICPAddr, 0
0x0086	0x0082      	MOVWF      PCL
;__Lib_System.c,12 :: 		
L_end_____DoICP:
0x0087	0x0008      	RETURN
; end of _____DoICP
_SETFOV32:
;__Lib_MathDouble.c,79 :: 		
;__Lib_MathDouble.c,86 :: 		
0x0088	0x14FB      	BSF        R11, 1
;__Lib_MathDouble.c,87 :: 		
0x0089	0x1FFB      	BTFSS      R11, 7
;__Lib_MathDouble.c,88 :: 		
0x008A	0x2892      	GOTO       SETFOV32EEE
;__Lib_MathDouble.c,89 :: 		
0x008B	0x30FF      	MOVLW      255
;__Lib_MathDouble.c,90 :: 		
0x008C	0x00F3      	MOVWF      R3
;__Lib_MathDouble.c,91 :: 		
0x008D	0x00F2      	MOVWF      R2
;__Lib_MathDouble.c,92 :: 		
0x008E	0x00F1      	MOVWF      R1
;__Lib_MathDouble.c,93 :: 		
0x008F	0x00F0      	MOVWF      R0
;__Lib_MathDouble.c,94 :: 		
0x0090	0x0DFA      	RLF        R10, 1
;__Lib_MathDouble.c,95 :: 		
0x0091	0x0CF2      	RRF        R2, 1
;__Lib_MathDouble.c,96 :: 		
SETFOV32EEE:
;__Lib_MathDouble.c,97 :: 		
0x0092	0x30FF      	MOVLW      255
;__Lib_MathDouble.c,99 :: 		
L_end_SETFOV32:
0x0093	0x0008      	RETURN
; end of _SETFOV32
_delay_us_variable:
;Code_embedded.c,34 :: 		void delay_us_variable(unsigned int t) {
;Code_embedded.c,35 :: 		while (t--) {
L_delay_us_variable3:
0x0094	0x1283      	BCF        STATUS, 5
0x0095	0x1303      	BCF        STATUS, 6
0x0096	0x0843      	MOVF       FARG_delay_us_variable_t, 0
0x0097	0x00F0      	MOVWF      R0
0x0098	0x0844      	MOVF       FARG_delay_us_variable_t+1, 0
0x0099	0x00F1      	MOVWF      R0+1
0x009A	0x3001      	MOVLW      1
0x009B	0x02C3      	SUBWF      FARG_delay_us_variable_t, 1
0x009C	0x1C03      	BTFSS      STATUS, 0
0x009D	0x03C4      	DECF       FARG_delay_us_variable_t+1, 1
0x009E	0x0870      	MOVF       R0, 0
0x009F	0x0471      	IORWF      R0+1, 0
0x00A0	0x1903      	BTFSC      STATUS, 2
0x00A1	0x28A5      	GOTO       L_delay_us_variable4
;Code_embedded.c,36 :: 		Delay_us(1);
0x00A2	0x0000      	NOP
0x00A3	0x0000      	NOP
;Code_embedded.c,37 :: 		}
0x00A4	0x2894      	GOTO       L_delay_us_variable3
L_delay_us_variable4:
;Code_embedded.c,38 :: 		}
L_end_delay_us_variable:
0x00A5	0x0008      	RETURN
; end of _delay_us_variable
_Mul_16X16_U:
;__Lib_Math.c,136 :: 		
;__Lib_Math.c,143 :: 		
0x00A6	0x1283      	BCF        STATUS, 5
;__Lib_Math.c,144 :: 		
0x00A7	0x1303      	BCF        STATUS, 6
;__Lib_Math.c,145 :: 		
0x00A8	0x01FB      	CLRF       R11
;__Lib_Math.c,146 :: 		
0x00A9	0x01FA      	CLRF       R10
;__Lib_Math.c,147 :: 		
0x00AA	0x01F9      	CLRF       R9
;__Lib_Math.c,148 :: 		
0x00AB	0x3080      	MOVLW      128
;__Lib_Math.c,149 :: 		
0x00AC	0x00F8      	MOVWF      R8
;__Lib_Math.c,150 :: 		
0x00AD	0x0CF1      	RRF        R1, 1
;__Lib_Math.c,151 :: 		
0x00AE	0x0CF0      	RRF        R0, 1
;__Lib_Math.c,152 :: 		
0x00AF	0x1C03      	BTFSS      STATUS, 0
;__Lib_Math.c,153 :: 		
0x00B0	0x28BA      	GOTO       $+10
;__Lib_Math.c,154 :: 		
0x00B1	0x0874      	MOVF       R4, 0
;__Lib_Math.c,155 :: 		
0x00B2	0x07F9      	ADDWF      R9, 1
;__Lib_Math.c,156 :: 		
0x00B3	0x0875      	MOVF       R5, 0
;__Lib_Math.c,157 :: 		
0x00B4	0x1803      	BTFSC      STATUS, 0
;__Lib_Math.c,158 :: 		
0x00B5	0x0F75      	INCFSZ     R5, 0
;__Lib_Math.c,159 :: 		
0x00B6	0x07FA      	ADDWF      R10, 1
;__Lib_Math.c,160 :: 		
0x00B7	0x1803      	BTFSC      STATUS, 0
;__Lib_Math.c,161 :: 		
0x00B8	0x0AFB      	INCF       R11, 1
;__Lib_Math.c,162 :: 		
0x00B9	0x1003      	BCF        STATUS, 0
;__Lib_Math.c,163 :: 		
0x00BA	0x1FF0      	BTFSS      R0, 7
;__Lib_Math.c,164 :: 		
0x00BB	0x28C2      	GOTO       $+7
;__Lib_Math.c,165 :: 		
0x00BC	0x0874      	MOVF       R4, 0
;__Lib_Math.c,166 :: 		
0x00BD	0x07FA      	ADDWF      R10, 1
;__Lib_Math.c,167 :: 		
0x00BE	0x0875      	MOVF       R5, 0
;__Lib_Math.c,168 :: 		
0x00BF	0x1803      	BTFSC      STATUS, 0
;__Lib_Math.c,169 :: 		
0x00C0	0x0F75      	INCFSZ     R5, 0
;__Lib_Math.c,170 :: 		
0x00C1	0x07FB      	ADDWF      R11, 1
;__Lib_Math.c,171 :: 		
0x00C2	0x0CFB      	RRF        R11, 1
;__Lib_Math.c,172 :: 		
0x00C3	0x0CFA      	RRF        R10, 1
;__Lib_Math.c,173 :: 		
0x00C4	0x0CF9      	RRF        R9, 1
;__Lib_Math.c,174 :: 		
0x00C5	0x0CF8      	RRF        R8, 1
;__Lib_Math.c,175 :: 		
0x00C6	0x1C03      	BTFSS      STATUS, 0
;__Lib_Math.c,176 :: 		
0x00C7	0x28AD      	GOTO       $-26
;__Lib_Math.c,177 :: 		
0x00C8	0x087B      	MOVF       R11, 0
;__Lib_Math.c,178 :: 		
0x00C9	0x00F3      	MOVWF      R3
;__Lib_Math.c,179 :: 		
0x00CA	0x087A      	MOVF       R10, 0
;__Lib_Math.c,180 :: 		
0x00CB	0x00F2      	MOVWF      R2
;__Lib_Math.c,181 :: 		
0x00CC	0x0879      	MOVF       R9, 0
;__Lib_Math.c,182 :: 		
0x00CD	0x00F1      	MOVWF      R1
;__Lib_Math.c,183 :: 		
0x00CE	0x0878      	MOVF       R8, 0
;__Lib_Math.c,184 :: 		
0x00CF	0x00F0      	MOVWF      R0
;__Lib_Math.c,187 :: 		
L_end_Mul_16X16_U:
0x00D0	0x0008      	RETURN
; end of _Mul_16X16_U
_PWM_Software:
;Code_embedded.c,41 :: 		void PWM_Software(unsigned char duty_percent) {
;Code_embedded.c,42 :: 		PORTD = PORTD | MOTOR_ENABLE_MASK;                           // set RD0
0x00D1	0x1283      	BCF        STATUS, 5
0x00D2	0x1303      	BCF        STATUS, 6
0x00D3	0x0829      	MOVF       _MOTOR_ENABLE_MASK, 0
0x00D4	0x0488      	IORWF      PORTD, 1
;Code_embedded.c,43 :: 		delay_us_variable(duty_percent * 10);                 // ON time
0x00D5	0x0842      	MOVF       FARG_PWM_Software_duty_percent, 0
0x00D6	0x00F0      	MOVWF      R0
0x00D7	0x300A      	MOVLW      10
0x00D8	0x00F4      	MOVWF      R4
0x00D9	0x2068      	CALL       _Mul_8X8_U
0x00DA	0x0870      	MOVF       R0, 0
0x00DB	0x00C3      	MOVWF      FARG_delay_us_variable_t
0x00DC	0x0871      	MOVF       R0+1, 0
0x00DD	0x00C4      	MOVWF      FARG_delay_us_variable_t+1
0x00DE	0x2094      	CALL       _delay_us_variable
;Code_embedded.c,44 :: 		PORTD = PORTD & ~MOTOR_ENABLE_MASK;                          // clear RD0
0x00DF	0x0929      	COMF       _MOTOR_ENABLE_MASK, 0
0x00E0	0x00F0      	MOVWF      R0
0x00E1	0x0870      	MOVF       R0, 0
0x00E2	0x0588      	ANDWF      PORTD, 1
;Code_embedded.c,45 :: 		delay_us_variable((100 - duty_percent) * 10);         // OFF time
0x00E3	0x0842      	MOVF       FARG_PWM_Software_duty_percent, 0
0x00E4	0x3C64      	SUBLW      100
0x00E5	0x00F0      	MOVWF      R0
0x00E6	0x01F1      	CLRF       R0+1
0x00E7	0x1C03      	BTFSS      STATUS, 0
0x00E8	0x03F1      	DECF       R0+1, 1
0x00E9	0x300A      	MOVLW      10
0x00EA	0x00F4      	MOVWF      R4
0x00EB	0x3000      	MOVLW      0
0x00EC	0x00F5      	MOVWF      R4+1
0x00ED	0x20A6      	CALL       _Mul_16X16_U
0x00EE	0x0870      	MOVF       R0, 0
0x00EF	0x00C3      	MOVWF      FARG_delay_us_variable_t
0x00F0	0x0871      	MOVF       R0+1, 0
0x00F1	0x00C4      	MOVWF      FARG_delay_us_variable_t+1
0x00F2	0x2094      	CALL       _delay_us_variable
;Code_embedded.c,46 :: 		}
L_end_PWM_Software:
0x00F3	0x0008      	RETURN
; end of _PWM_Software
_Compare_Double:
;__Lib_MathDouble.c,2053 :: 		
;__Lib_MathDouble.c,2062 :: 		
;__Lib_MathDouble.c,2064 :: 		
0x00F4	0x1283      	BCF        STATUS, 5
;__Lib_MathDouble.c,2065 :: 		
0x00F5	0x1303      	BCF        STATUS, 6
;__Lib_MathDouble.c,2067 :: 		
0x00F6	0x01FA      	CLRF       R10
;__Lib_MathDouble.c,2068 :: 		
0x00F7	0x0873      	MOVF       R3, 0
;__Lib_MathDouble.c,2069 :: 		
0x00F8	0x1D03      	BTFSS      STATUS, 2
;__Lib_MathDouble.c,2070 :: 		
0x00F9	0x147A      	BSF        R10, 0
;__Lib_MathDouble.c,2071 :: 		
0x00FA	0x0877      	MOVF       R7, 0
;__Lib_MathDouble.c,2072 :: 		
0x00FB	0x1D03      	BTFSS      STATUS, 2
;__Lib_MathDouble.c,2073 :: 		
0x00FC	0x14FA      	BSF        R10, 1
;__Lib_MathDouble.c,2075 :: 		
0x00FD	0x087A      	MOVF       R10, 0
;__Lib_MathDouble.c,2076 :: 		
0x00FE	0x1903      	BTFSC      STATUS, 2
;__Lib_MathDouble.c,2077 :: 		
0x00FF	0x2940      	GOTO       COMPARE_EQU
;__Lib_MathDouble.c,2078 :: 		
0x0100	0x3A03      	XORLW      3
;__Lib_MathDouble.c,2079 :: 		
0x0101	0x1903      	BTFSC      STATUS, 2
;__Lib_MathDouble.c,2080 :: 		
0x0102	0x290B      	GOTO       COMPARE_NOTZERO
;__Lib_MathDouble.c,2082 :: 		
0x0103	0x187A      	BTFSC      R10, 0
;__Lib_MathDouble.c,2083 :: 		
0x0104	0x2908      	GOTO       COMPARE_XNOTZERO
;__Lib_MathDouble.c,2085 :: 		
0x0105	0x1FF6      	BTFSS      R6, 7
;__Lib_MathDouble.c,2086 :: 		
0x0106	0x293E      	GOTO       COMPARE_LT
;__Lib_MathDouble.c,2087 :: 		
0x0107	0x293C      	GOTO       COMPARE_GT
;__Lib_MathDouble.c,2088 :: 		
COMPARE_XNOTZERO:
;__Lib_MathDouble.c,2089 :: 		
0x0108	0x1FF2      	BTFSS      R2, 7
;__Lib_MathDouble.c,2090 :: 		
0x0109	0x293C      	GOTO       COMPARE_GT
;__Lib_MathDouble.c,2091 :: 		
0x010A	0x293E      	GOTO       COMPARE_LT
;__Lib_MathDouble.c,2093 :: 		
COMPARE_NOTZERO:
;__Lib_MathDouble.c,2094 :: 		
0x010B	0x0872      	MOVF       R2, 0
;__Lib_MathDouble.c,2095 :: 		
0x010C	0x3980      	ANDLW      128
;__Lib_MathDouble.c,2096 :: 		
0x010D	0x00FA      	MOVWF      R10
;__Lib_MathDouble.c,2097 :: 		
0x010E	0x13F2      	BCF        R2, 7
;__Lib_MathDouble.c,2099 :: 		
0x010F	0x0876      	MOVF       R6, 0
;__Lib_MathDouble.c,2100 :: 		
0x0110	0x3980      	ANDLW      128
;__Lib_MathDouble.c,2101 :: 		
0x0111	0x13F6      	BCF        R6, 7
;__Lib_MathDouble.c,2103 :: 		
0x0112	0x067A      	XORWF      R10, 0
;__Lib_MathDouble.c,2104 :: 		
0x0113	0x1903      	BTFSC      STATUS, 2
;__Lib_MathDouble.c,2105 :: 		
0x0114	0x2919      	GOTO       COMPARE_TESTALL
;__Lib_MathDouble.c,2107 :: 		
0x0115	0x087A      	MOVF       R10, 0
;__Lib_MathDouble.c,2108 :: 		
0x0116	0x1903      	BTFSC      STATUS, 2
;__Lib_MathDouble.c,2109 :: 		
0x0117	0x293C      	GOTO       COMPARE_GT
;__Lib_MathDouble.c,2110 :: 		
0x0118	0x293E      	GOTO       COMPARE_LT
;__Lib_MathDouble.c,2112 :: 		
COMPARE_TESTALL:
;__Lib_MathDouble.c,2113 :: 		
0x0119	0x0877      	MOVF       R7, 0
;__Lib_MathDouble.c,2114 :: 		
0x011A	0x0273      	SUBWF      R3, 0
;__Lib_MathDouble.c,2115 :: 		
0x011B	0x1903      	BTFSC      STATUS, 2
;__Lib_MathDouble.c,2116 :: 		
0x011C	0x2920      	GOTO       COMPARE_C1
;__Lib_MathDouble.c,2117 :: 		
0x011D	0x1C03      	BTFSS      STATUS, 0
;__Lib_MathDouble.c,2118 :: 		
0x011E	0x2934      	GOTO       GT_FALSE
;__Lib_MathDouble.c,2119 :: 		
0x011F	0x2938      	GOTO       GT_TRUE
;__Lib_MathDouble.c,2120 :: 		
COMPARE_C1:
;__Lib_MathDouble.c,2121 :: 		
0x0120	0x0876      	MOVF       R6, 0
;__Lib_MathDouble.c,2122 :: 		
0x0121	0x0272      	SUBWF      R2, 0
;__Lib_MathDouble.c,2123 :: 		
0x0122	0x1903      	BTFSC      STATUS, 2
;__Lib_MathDouble.c,2124 :: 		
0x0123	0x2927      	GOTO       COMPARE_C2
;__Lib_MathDouble.c,2125 :: 		
0x0124	0x1C03      	BTFSS      STATUS, 0
;__Lib_MathDouble.c,2126 :: 		
0x0125	0x2934      	GOTO       GT_FALSE
;__Lib_MathDouble.c,2127 :: 		
0x0126	0x2938      	GOTO       GT_TRUE
;__Lib_MathDouble.c,2128 :: 		
COMPARE_C2:
;__Lib_MathDouble.c,2129 :: 		
0x0127	0x0875      	MOVF       R5, 0
;__Lib_MathDouble.c,2130 :: 		
0x0128	0x0271      	SUBWF      R1, 0
;__Lib_MathDouble.c,2131 :: 		
0x0129	0x1903      	BTFSC      STATUS, 2
;__Lib_MathDouble.c,2132 :: 		
0x012A	0x292E      	GOTO       COMPARE_C3
;__Lib_MathDouble.c,2133 :: 		
0x012B	0x1C03      	BTFSS      STATUS, 0
;__Lib_MathDouble.c,2134 :: 		
0x012C	0x2934      	GOTO       GT_FALSE
;__Lib_MathDouble.c,2135 :: 		
0x012D	0x2938      	GOTO       GT_TRUE
;__Lib_MathDouble.c,2136 :: 		
COMPARE_C3:
;__Lib_MathDouble.c,2137 :: 		
0x012E	0x0874      	MOVF       R4, 0
;__Lib_MathDouble.c,2138 :: 		
0x012F	0x0270      	SUBWF      R0, 0
;__Lib_MathDouble.c,2139 :: 		
0x0130	0x1903      	BTFSC      STATUS, 2
;__Lib_MathDouble.c,2140 :: 		
0x0131	0x2940      	GOTO       COMPARE_EQU
;__Lib_MathDouble.c,2141 :: 		
0x0132	0x1803      	BTFSC      STATUS, 0
;__Lib_MathDouble.c,2142 :: 		
0x0133	0x2938      	GOTO       GT_TRUE
;__Lib_MathDouble.c,2144 :: 		
GT_FALSE:
;__Lib_MathDouble.c,2145 :: 		
0x0134	0x08FA      	MOVF       R10, 1
;__Lib_MathDouble.c,2146 :: 		
0x0135	0x1903      	BTFSC      STATUS, 2
;__Lib_MathDouble.c,2147 :: 		
0x0136	0x293E      	GOTO       COMPARE_LT
;__Lib_MathDouble.c,2148 :: 		
0x0137	0x293C      	GOTO       COMPARE_GT
;__Lib_MathDouble.c,2149 :: 		
GT_TRUE:
;__Lib_MathDouble.c,2150 :: 		
0x0138	0x08FA      	MOVF       R10, 1
;__Lib_MathDouble.c,2151 :: 		
0x0139	0x1903      	BTFSC      STATUS, 2
;__Lib_MathDouble.c,2152 :: 		
0x013A	0x293C      	GOTO       COMPARE_GT
;__Lib_MathDouble.c,2153 :: 		
0x013B	0x293E      	GOTO       COMPARE_LT
;__Lib_MathDouble.c,2155 :: 		
COMPARE_GT:
;__Lib_MathDouble.c,2158 :: 		
0x013C	0x1403      	BSF        STATUS, 0
;__Lib_MathDouble.c,2159 :: 		
0x013D	0x0008      	RETURN
;__Lib_MathDouble.c,2160 :: 		
COMPARE_LT:
;__Lib_MathDouble.c,2163 :: 		
0x013E	0x1003      	BCF        STATUS, 0
;__Lib_MathDouble.c,2164 :: 		
0x013F	0x0008      	RETURN
;__Lib_MathDouble.c,2165 :: 		
COMPARE_EQU:
;__Lib_MathDouble.c,2168 :: 		
0x0140	0x1403      	BSF        STATUS, 0
;__Lib_MathDouble.c,2169 :: 		
0x0141	0x1503      	BSF        STATUS, 2
;__Lib_MathDouble.c,2170 :: 		
0x0142	0x0008      	RETURN
;__Lib_MathDouble.c,2172 :: 		
L_end_Compare_Double:
0x0143	0x0008      	RETURN
; end of _Compare_Double
_Mul_32x32_FP:
;__Lib_MathDouble.c,610 :: 		
;__Lib_MathDouble.c,622 :: 		
;__Lib_MathDouble.c,624 :: 		
0x0144	0x1283      	BCF        STATUS, 5
;__Lib_MathDouble.c,625 :: 		
0x0145	0x1303      	BCF        STATUS, 6
;__Lib_MathDouble.c,627 :: 		
0x0146	0x01FB      	CLRF       R11
;__Lib_MathDouble.c,628 :: 		
0x0147	0x0873      	MOVF       R3, 0
;__Lib_MathDouble.c,629 :: 		
0x0148	0x1D03      	BTFSS      STATUS, 2
;__Lib_MathDouble.c,630 :: 		
0x0149	0x0877      	MOVF       R7, 0
;__Lib_MathDouble.c,631 :: 		
0x014A	0x1903      	BTFSC      STATUS, 2
;__Lib_MathDouble.c,632 :: 		
0x014B	0x299B      	GOTO       JPMRES032
;__Lib_MathDouble.c,634 :: 		
0x014C	0x0872      	MOVF       R2, 0
;__Lib_MathDouble.c,635 :: 		
0x014D	0x0676      	XORWF      R6, 0
;__Lib_MathDouble.c,636 :: 		
0x014E	0x00FA      	MOVWF      R10
;__Lib_MathDouble.c,637 :: 		
0x014F	0x0877      	MOVF       R7, 0
;__Lib_MathDouble.c,638 :: 		
0x0150	0x07F3      	ADDWF      R3, 1
;__Lib_MathDouble.c,639 :: 		
0x0151	0x307E      	MOVLW      126
;__Lib_MathDouble.c,640 :: 		
0x0152	0x1C03      	BTFSS      STATUS, 0
;__Lib_MathDouble.c,641 :: 		
0x0153	0x2958      	GOTO       MTUN32
;__Lib_MathDouble.c,642 :: 		
0x0154	0x02F3      	SUBWF      R3, 1
;__Lib_MathDouble.c,643 :: 		
0x0155	0x1803      	BTFSC      STATUS, 0
;__Lib_MathDouble.c,644 :: 		
0x0156	0x299E      	GOTO       JPMSETFOV32
;__Lib_MathDouble.c,645 :: 		
0x0157	0x295B      	GOTO       MOK32
;__Lib_MathDouble.c,646 :: 		
MTUN32:
;__Lib_MathDouble.c,647 :: 		
0x0158	0x02F3      	SUBWF      R3, 1
;__Lib_MathDouble.c,648 :: 		
0x0159	0x1C03      	BTFSS      STATUS, 0
;__Lib_MathDouble.c,649 :: 		
0x015A	0x29A1      	GOTO       JPMSETFUN32
;__Lib_MathDouble.c,650 :: 		
MOK32:
;__Lib_MathDouble.c,651 :: 		
0x015B	0x0872      	MOVF       R2, 0
;__Lib_MathDouble.c,652 :: 		
0x015C	0x00F8      	MOVWF      R8
;__Lib_MathDouble.c,653 :: 		
0x015D	0x0871      	MOVF       R1, 0
;__Lib_MathDouble.c,654 :: 		
0x015E	0x00FC      	MOVWF      R12
;__Lib_MathDouble.c,655 :: 		
0x015F	0x0870      	MOVF       R0, 0
;__Lib_MathDouble.c,656 :: 		
0x0160	0x00FD      	MOVWF      R13
;__Lib_MathDouble.c,657 :: 		
0x0161	0x17F8      	BSF        R8, 7
;__Lib_MathDouble.c,658 :: 		
0x0162	0x17F6      	BSF        R6, 7
;__Lib_MathDouble.c,659 :: 		
0x0163	0x1003      	BCF        STATUS, 0
;__Lib_MathDouble.c,660 :: 		
0x0164	0x01F2      	CLRF       R2
;__Lib_MathDouble.c,661 :: 		
0x0165	0x01F1      	CLRF       R1
;__Lib_MathDouble.c,662 :: 		
0x0166	0x01F0      	CLRF       R0
;__Lib_MathDouble.c,663 :: 		
0x0167	0x3018      	MOVLW      24
;__Lib_MathDouble.c,664 :: 		
0x0168	0x00A0      	MOVWF      __math_tempbD
;__Lib_MathDouble.c,665 :: 		
MLOOP32:
;__Lib_MathDouble.c,666 :: 		
0x0169	0x1C7D      	BTFSS      R13, 0
;__Lib_MathDouble.c,667 :: 		
0x016A	0x2975      	GOTO       MNOADD32
;__Lib_MathDouble.c,669 :: 		
0x016B	0x0874      	MOVF       R4, 0
;__Lib_MathDouble.c,670 :: 		
0x016C	0x07F0      	ADDWF      R0, 1
;__Lib_MathDouble.c,671 :: 		
0x016D	0x0875      	MOVF       R5, 0
;__Lib_MathDouble.c,672 :: 		
0x016E	0x1803      	BTFSC      STATUS, 0
;__Lib_MathDouble.c,673 :: 		
0x016F	0x0F75      	INCFSZ     R5, 0
;__Lib_MathDouble.c,674 :: 		
0x0170	0x07F1      	ADDWF      R1, 1
;__Lib_MathDouble.c,675 :: 		
0x0171	0x0876      	MOVF       R6, 0
;__Lib_MathDouble.c,676 :: 		
0x0172	0x1803      	BTFSC      STATUS, 0
;__Lib_MathDouble.c,677 :: 		
0x0173	0x0F76      	INCFSZ     R6, 0
;__Lib_MathDouble.c,678 :: 		
0x0174	0x07F2      	ADDWF      R2, 1
;__Lib_MathDouble.c,679 :: 		
MNOADD32:
;__Lib_MathDouble.c,680 :: 		
0x0175	0x0CF2      	RRF        R2, 1
;__Lib_MathDouble.c,681 :: 		
0x0176	0x0CF1      	RRF        R1, 1
;__Lib_MathDouble.c,682 :: 		
0x0177	0x0CF0      	RRF        R0, 1
;__Lib_MathDouble.c,683 :: 		
0x0178	0x0CF8      	RRF        R8, 1
;__Lib_MathDouble.c,684 :: 		
0x0179	0x0CFC      	RRF        R12, 1
;__Lib_MathDouble.c,685 :: 		
0x017A	0x0CFD      	RRF        R13, 1
;__Lib_MathDouble.c,686 :: 		
0x017B	0x1003      	BCF        STATUS, 0
;__Lib_MathDouble.c,687 :: 		
0x017C	0x0BA0      	DECFSZ     __math_tempbD, 1
;__Lib_MathDouble.c,688 :: 		
0x017D	0x2969      	GOTO       MLOOP32
;__Lib_MathDouble.c,689 :: 		
0x017E	0x1BF2      	BTFSC      R2, 7
;__Lib_MathDouble.c,690 :: 		
0x017F	0x2985      	GOTO       MROUND32
;__Lib_MathDouble.c,691 :: 		
0x0180	0x0DF8      	RLF        R8, 1
;__Lib_MathDouble.c,692 :: 		
0x0181	0x0DF0      	RLF        R0, 1
;__Lib_MathDouble.c,693 :: 		
0x0182	0x0DF1      	RLF        R1, 1
;__Lib_MathDouble.c,694 :: 		
0x0183	0x0DF2      	RLF        R2, 1
;__Lib_MathDouble.c,695 :: 		
0x0184	0x03F3      	DECF       R3, 1
;__Lib_MathDouble.c,696 :: 		
MROUND32:
;__Lib_MathDouble.c,697 :: 		
0x0185	0x1B7B      	BTFSC      R11, 6
;__Lib_MathDouble.c,698 :: 		
0x0186	0x1C70      	BTFSS      R0, 0
;__Lib_MathDouble.c,699 :: 		
0x0187	0x2997      	GOTO       MUL32OK
;__Lib_MathDouble.c,700 :: 		
0x0188	0x1FF8      	BTFSS      R8, 7
;__Lib_MathDouble.c,701 :: 		
0x0189	0x2997      	GOTO       MUL32OK
;__Lib_MathDouble.c,702 :: 		
0x018A	0x0AF0      	INCF       R0, 1
;__Lib_MathDouble.c,703 :: 		
0x018B	0x1903      	BTFSC      STATUS, 2
;__Lib_MathDouble.c,704 :: 		
0x018C	0x0AF1      	INCF       R1, 1
;__Lib_MathDouble.c,705 :: 		
0x018D	0x1903      	BTFSC      STATUS, 2
;__Lib_MathDouble.c,706 :: 		
0x018E	0x0AF2      	INCF       R2, 1
;__Lib_MathDouble.c,707 :: 		
0x018F	0x1D03      	BTFSS      STATUS, 2
;__Lib_MathDouble.c,708 :: 		
0x0190	0x2997      	GOTO       MUL32OK
;__Lib_MathDouble.c,709 :: 		
0x0191	0x0CF2      	RRF        R2, 1
;__Lib_MathDouble.c,710 :: 		
0x0192	0x0CF1      	RRF        R1, 1
;__Lib_MathDouble.c,711 :: 		
0x0193	0x0CF0      	RRF        R0, 1
;__Lib_MathDouble.c,712 :: 		
0x0194	0x0AF3      	INCF       R3, 1
;__Lib_MathDouble.c,713 :: 		
0x0195	0x1903      	BTFSC      STATUS, 2
;__Lib_MathDouble.c,714 :: 		
0x0196	0x299E      	GOTO       JPMSETFOV32
;__Lib_MathDouble.c,715 :: 		
MUL32OK:
;__Lib_MathDouble.c,716 :: 		
0x0197	0x1FFA      	BTFSS      R10, 7
;__Lib_MathDouble.c,717 :: 		
0x0198	0x13F2      	BCF        R2, 7
;__Lib_MathDouble.c,718 :: 		
0x0199	0x3000      	MOVLW      0
;__Lib_MathDouble.c,720 :: 		
0x019A	0x29A3      	GOTO       MUL32EEE
;__Lib_MathDouble.c,721 :: 		
JPMRES032:
;__Lib_MathDouble.c,722 :: 		
0x019B	0x3001      	MOVLW      1
;__Lib_MathDouble.c,725 :: 		
0x019C	0x2022      	CALL       _RES032
;__Lib_MathDouble.c,727 :: 		
0x019D	0x29A3      	GOTO       MUL32EEE
;__Lib_MathDouble.c,728 :: 		
JPMSETFOV32:
;__Lib_MathDouble.c,729 :: 		
0x019E	0x3002      	MOVLW      2
;__Lib_MathDouble.c,732 :: 		
0x019F	0x2088      	CALL       _SETFOV32
;__Lib_MathDouble.c,734 :: 		
0x01A0	0x29A3      	GOTO       MUL32EEE
;__Lib_MathDouble.c,735 :: 		
JPMSETFUN32:
;__Lib_MathDouble.c,736 :: 		
0x01A1	0x3004      	MOVLW      4
;__Lib_MathDouble.c,739 :: 		
0x01A2	0x2029      	CALL       _SETFUN32
;__Lib_MathDouble.c,741 :: 		
MUL32EEE:
;__Lib_MathDouble.c,742 :: 		
0x01A3	0x0000      	NOP
;__Lib_MathDouble.c,749 :: 		
L_end_Mul_32x32_FP:
0x01A4	0x0008      	RETURN
; end of _Mul_32x32_FP
_servo_control:
;Code_embedded.c,58 :: 		void servo_control(unsigned char position) {
;Code_embedded.c,59 :: 		CCPR1L = position;     // 62–125 range
0x01A5	0x1283      	BCF        STATUS, 5
0x01A6	0x1303      	BCF        STATUS, 6
0x01A7	0x0842      	MOVF       FARG_servo_control_position, 0
0x01A8	0x0095      	MOVWF      CCPR1L
;Code_embedded.c,60 :: 		}
L_end_servo_control:
0x01A9	0x0008      	RETURN
; end of _servo_control
___CC2DW:
;__Lib_System.c,134 :: 		
;__Lib_System.c,137 :: 		
_CC2D_Loop1:
;__Lib_System.c,139 :: 		
0x01AA	0x2081      	CALL       _____DoICP
0x01AB	0x118A      	BCF        PCLATH, 3
0x01AC	0x120A      	BCF        PCLATH, 4
;__Lib_System.c,141 :: 		
0x01AD	0x0080      	MOVWF      INDF
;__Lib_System.c,142 :: 		
0x01AE	0x0A84      	INCF       FSR, 1
;__Lib_System.c,143 :: 		
0x01AF	0x0ABB      	INCF       ___DoICPAddr, 1
;__Lib_System.c,145 :: 		
0x01B0	0x1903      	BTFSC      STATUS, 2
;__Lib_System.c,146 :: 		
0x01B1	0x0ABC      	INCF       ___DoICPAddr+1, 1
;__Lib_System.c,147 :: 		
0x01B2	0x03F0      	DECF       R0, 1
;__Lib_System.c,149 :: 		
0x01B3	0x1D03      	BTFSS      STATUS, 2
;__Lib_System.c,150 :: 		
0x01B4	0x29AA      	GOTO       _CC2D_Loop1
;__Lib_System.c,152 :: 		
L_end___CC2DW:
0x01B5	0x0008      	RETURN
; end of ___CC2DW
_Read_ADC:
;Code_embedded.c,25 :: 		unsigned int Read_ADC(unsigned char channel) {
;Code_embedded.c,26 :: 		ADCON0 = 0b01000001 | (channel << 3);
0x01B6	0x1283      	BCF        STATUS, 5
0x01B7	0x1303      	BCF        STATUS, 6
0x01B8	0x0842      	MOVF       FARG_Read_ADC_channel, 0
0x01B9	0x00F0      	MOVWF      R0
0x01BA	0x0DF0      	RLF        R0, 1
0x01BB	0x1070      	BCF        R0, 0
0x01BC	0x0DF0      	RLF        R0, 1
0x01BD	0x1070      	BCF        R0, 0
0x01BE	0x0DF0      	RLF        R0, 1
0x01BF	0x1070      	BCF        R0, 0
0x01C0	0x3041      	MOVLW      65
0x01C1	0x0470      	IORWF      R0, 0
0x01C2	0x009F      	MOVWF      ADCON0
;Code_embedded.c,27 :: 		Delay_ms(2);
0x01C3	0x3006      	MOVLW      6
0x01C4	0x00FC      	MOVWF      R12
0x01C5	0x3030      	MOVLW      48
0x01C6	0x00FD      	MOVWF      R13
L_Read_ADC0:
0x01C7	0x0BFD      	DECFSZ     R13, 1
0x01C8	0x29C7      	GOTO       L_Read_ADC0
0x01C9	0x0BFC      	DECFSZ     R12, 1
0x01CA	0x29C7      	GOTO       L_Read_ADC0
0x01CB	0x0000      	NOP
;Code_embedded.c,28 :: 		ADCON0 = ADCON0 | 0x02;
0x01CC	0x149F      	BSF        ADCON0, 1
;Code_embedded.c,29 :: 		while (ADCON0 & GO_DONE_MASK);
L_Read_ADC1:
0x01CD	0x0828      	MOVF       _GO_DONE_MASK, 0
0x01CE	0x051F      	ANDWF      ADCON0, 0
0x01CF	0x00F0      	MOVWF      R0
0x01D0	0x1903      	BTFSC      STATUS, 2
0x01D1	0x29D3      	GOTO       L_Read_ADC2
0x01D2	0x29CD      	GOTO       L_Read_ADC1
L_Read_ADC2:
;Code_embedded.c,30 :: 		return ((ADRESH << 8) + ADRESL);
0x01D3	0x081E      	MOVF       ADRESH, 0
0x01D4	0x00F1      	MOVWF      R0+1
0x01D5	0x01F0      	CLRF       R0
0x01D6	0x1683      	BSF        STATUS, 5
0x01D7	0x081E      	MOVF       ADRESL, 0
0x01D8	0x07F0      	ADDWF      R0, 1
0x01D9	0x1803      	BTFSC      STATUS, 0
0x01DA	0x0AF1      	INCF       R0+1, 1
;Code_embedded.c,31 :: 		}
L_end_Read_ADC:
0x01DB	0x0008      	RETURN
; end of _Read_ADC
_word2double:
;__Lib_MathDouble.c,1862 :: 		
;__Lib_MathDouble.c,1868 :: 		
0x01DC	0x1283      	BCF        STATUS, 5
;__Lib_MathDouble.c,1869 :: 		
0x01DD	0x1303      	BCF        STATUS, 6
;__Lib_MathDouble.c,1870 :: 		
0x01DE	0x0870      	MOVF       R0, 0
;__Lib_MathDouble.c,1871 :: 		
0x01DF	0x00F8      	MOVWF      R8
;__Lib_MathDouble.c,1872 :: 		
0x01E0	0x0871      	MOVF       R1, 0
;__Lib_MathDouble.c,1873 :: 		
0x01E1	0x00F0      	MOVWF      R0
;__Lib_MathDouble.c,1874 :: 		
0x01E2	0x01F1      	CLRF       R1
;__Lib_MathDouble.c,1875 :: 		
0x01E3	0x01F2      	CLRF       R2
;__Lib_MathDouble.c,1876 :: 		
0x01E4	0x01F3      	CLRF       R3
;__Lib_MathDouble.c,1879 :: 		
0x01E5	0x01FB      	CLRF       R11
;__Lib_MathDouble.c,1880 :: 		
0x01E6	0x01FC      	CLRF       R12
;__Lib_MathDouble.c,1882 :: 		
0x01E7	0x3096      	MOVLW      150
;__Lib_MathDouble.c,1883 :: 		
0x01E8	0x00F3      	MOVWF      R3
;__Lib_MathDouble.c,1884 :: 		
0x01E9	0x01FA      	CLRF       R10
;__Lib_MathDouble.c,1886 :: 		
0x01EA	0x0870      	MOVF       R0, 0
;__Lib_MathDouble.c,1887 :: 		
0x01EB	0x00F1      	MOVWF      R1
;__Lib_MathDouble.c,1888 :: 		
0x01EC	0x0878      	MOVF       R8, 0
;__Lib_MathDouble.c,1889 :: 		
0x01ED	0x00F0      	MOVWF      R0
;__Lib_MathDouble.c,1890 :: 		
0x01EE	0x01F8      	CLRF       R8
;__Lib_MathDouble.c,1891 :: 		
0x01EF	0x01F2      	CLRF       R2
;__Lib_MathDouble.c,1893 :: 		
0x01F0	0x2039      	CALL       _NRM3232
;__Lib_MathDouble.c,1894 :: 		
L_end_word2double:
0x01F1	0x0008      	RETURN
; end of _word2double
_CCPPWM_init:
;Code_embedded.c,49 :: 		void CCPPWM_init(void) {
;Code_embedded.c,50 :: 		T2CON   = 0b00000111;  // Timer2 on, Fosc/4, 1:16 prescaler
0x01F2	0x3007      	MOVLW      7
0x01F3	0x1283      	BCF        STATUS, 5
0x01F4	0x1303      	BCF        STATUS, 6
0x01F5	0x0092      	MOVWF      T2CON
;Code_embedded.c,51 :: 		CCP1CON = 0b00001100;  // PWM mode on CCP1 (RC2)
0x01F6	0x300C      	MOVLW      12
0x01F7	0x0097      	MOVWF      CCP1CON
;Code_embedded.c,52 :: 		PR2     = 250;         // ~20ms period at 8MHz
0x01F8	0x30FA      	MOVLW      250
0x01F9	0x1683      	BSF        STATUS, 5
0x01FA	0x0092      	MOVWF      PR2
;Code_embedded.c,53 :: 		TRISC  = TRISC & ~SERVO_MASK; // RC2 output
0x01FB	0x1283      	BCF        STATUS, 5
0x01FC	0x092A      	COMF       _SERVO_MASK, 0
0x01FD	0x00F0      	MOVWF      R0
0x01FE	0x0870      	MOVF       R0, 0
0x01FF	0x1683      	BSF        STATUS, 5
0x0200	0x0587      	ANDWF      TRISC, 1
;Code_embedded.c,54 :: 		CCPR1L  = 62;          // 1ms pulse width default
0x0201	0x303E      	MOVLW      62
0x0202	0x1283      	BCF        STATUS, 5
0x0203	0x0095      	MOVWF      CCPR1L
;Code_embedded.c,55 :: 		}
L_end_CCPPWM_init:
0x0204	0x0008      	RETURN
; end of _CCPPWM_init
_main:
0x0205	0x3020      	MOVLW      32
0x0206	0x1283      	BCF        STATUS, 5
0x0207	0x1303      	BCF        STATUS, 6
0x0208	0x00A2      	MOVWF      _LED2_MASK
0x0209	0x3010      	MOVLW      16
0x020A	0x00A3      	MOVWF      _LED1_MASK
0x020B	0x3040      	MOVLW      64
0x020C	0x00A4      	MOVWF      _LED3_MASK
0x020D	0x3004      	MOVLW      4
0x020E	0x00A5      	MOVWF      _ECHO_MASK
0x020F	0x3002      	MOVLW      2
0x0210	0x00A6      	MOVWF      _TRIG_MASK
0x0211	0x3008      	MOVLW      8
0x0212	0x00A7      	MOVWF      _FLAME_SENSOR_MASK
0x0213	0x3002      	MOVLW      2
0x0214	0x00A8      	MOVWF      _GO_DONE_MASK
0x0215	0x3001      	MOVLW      1
0x0216	0x00A9      	MOVWF      _MOTOR_ENABLE_MASK
0x0217	0x3004      	MOVLW      4
0x0218	0x00AA      	MOVWF      _SERVO_MASK
0x0219	0x3004      	MOVLW      4
0x021A	0x00AB      	MOVWF      _IN2_MASK
0x021B	0x3047      	MOVLW      71
0x021C	0x00AC      	MOVWF      _TH_5CM
0x021D	0x3002      	MOVLW      2
0x021E	0x00AD      	MOVWF      45
0x021F	0x30DA      	MOVLW      218
0x0220	0x00AE      	MOVWF      _TH_15CM
0x0221	0x3006      	MOVLW      6
0x0222	0x00AF      	MOVWF      47
0x0223	0x308F      	MOVLW      143
0x0224	0x00B0      	MOVWF      _TH_10CM
0x0225	0x3004      	MOVLW      4
0x0226	0x00B1      	MOVWF      49
0x0227	0x3002      	MOVLW      2
0x0228	0x00B2      	MOVWF      _IN1_MASK
0x0229	0x3001      	MOVLW      1
0x022A	0x00B3      	MOVWF      _FLAME_LED_MASK
0x022B	0x3001      	MOVLW      1
0x022C	0x00B4      	MOVWF      _BUZZER_MASK
0x022D	0x3001      	MOVLW      1
0x022E	0x00B5      	MOVWF      _IR_SENSOR_MASK
0x022F	0x3004      	MOVLW      4
0x0230	0x00B6      	MOVWF      _IR_LED2_MASK
0x0231	0x3002      	MOVLW      2
0x0232	0x00B7      	MOVWF      _IR_LED1_MASK
;Code_embedded.c,80 :: 		void main() {
;Code_embedded.c,81 :: 		unsigned char duty = 70;    // PWM duty percent
0x0233	0x3046      	MOVLW      70
0x0234	0x00C1      	MOVWF      main_duty_L0
;Code_embedded.c,88 :: 		CMCON  = 0b00000111;
0x0235	0x3007      	MOVLW      7
0x0236	0x1683      	BSF        STATUS, 5
0x0237	0x009C      	MOVWF      CMCON
;Code_embedded.c,89 :: 		ADCON1 = 0b10000000;
0x0238	0x3080      	MOVLW      128
0x0239	0x009F      	MOVWF      ADCON1
;Code_embedded.c,92 :: 		TRISA = TRISA | 0b00000001;                                   // RA0 input (LM35)
0x023A	0x1405      	BSF        TRISA, 0
;Code_embedded.c,93 :: 		TRISD = TRISD & 0b11111000;                                  // RD0–RD2 outputs
0x023B	0x30F8      	MOVLW      248
0x023C	0x0588      	ANDWF      TRISD, 1
;Code_embedded.c,94 :: 		TRISD = (TRISD | FLAME_SENSOR_MASK) & ~(LED1_MASK|LED2_MASK|LED3_MASK);
0x023D	0x1283      	BCF        STATUS, 5
0x023E	0x0827      	MOVF       _FLAME_SENSOR_MASK, 0
0x023F	0x1683      	BSF        STATUS, 5
0x0240	0x0408      	IORWF      TRISD, 0
0x0241	0x00F1      	MOVWF      R1
0x0242	0x1283      	BCF        STATUS, 5
0x0243	0x0822      	MOVF       _LED2_MASK, 0
0x0244	0x0423      	IORWF      _LED1_MASK, 0
0x0245	0x00F0      	MOVWF      R0
0x0246	0x0824      	MOVF       _LED3_MASK, 0
0x0247	0x04F0      	IORWF      R0, 1
0x0248	0x09F0      	COMF       R0, 1
0x0249	0x0870      	MOVF       R0, 0
0x024A	0x0571      	ANDWF      R1, 0
0x024B	0x1683      	BSF        STATUS, 5
0x024C	0x0088      	MOVWF      TRISD
;Code_embedded.c,95 :: 		TRISB = (TRISB & ~TRIG_MASK) | ECHO_MASK;              // TRIG out, ECHO in
0x024D	0x1283      	BCF        STATUS, 5
0x024E	0x0926      	COMF       _TRIG_MASK, 0
0x024F	0x00F5      	MOVWF      R5
0x0250	0x0875      	MOVF       R5, 0
0x0251	0x1683      	BSF        STATUS, 5
0x0252	0x0506      	ANDWF      TRISB, 0
0x0253	0x00F0      	MOVWF      R0
0x0254	0x1283      	BCF        STATUS, 5
0x0255	0x0825      	MOVF       _ECHO_MASK, 0
0x0256	0x0470      	IORWF      R0, 0
0x0257	0x1683      	BSF        STATUS, 5
0x0258	0x0086      	MOVWF      TRISB
;Code_embedded.c,96 :: 		TRISE = TRISE & ~BUZZER_MASK;                                 // RE0 output (buzzer)
0x0259	0x1283      	BCF        STATUS, 5
0x025A	0x0934      	COMF       _BUZZER_MASK, 0
0x025B	0x00F4      	MOVWF      R4
0x025C	0x0874      	MOVF       R4, 0
0x025D	0x1683      	BSF        STATUS, 5
0x025E	0x0589      	ANDWF      TRISE, 1
;Code_embedded.c,97 :: 		TRISC = TRISC & ~FLAME_LED_MASK;                              // RC0 output (flame LED)
0x025F	0x1283      	BCF        STATUS, 5
0x0260	0x0933      	COMF       _FLAME_LED_MASK, 0
0x0261	0x00F3      	MOVWF      R3
0x0262	0x0873      	MOVF       R3, 0
0x0263	0x1683      	BSF        STATUS, 5
0x0264	0x0587      	ANDWF      TRISC, 1
;Code_embedded.c,98 :: 		TRISB = TRISB | IR_SENSOR_MASK;                               // RB0 input (IR)
0x0265	0x1283      	BCF        STATUS, 5
0x0266	0x0835      	MOVF       _IR_SENSOR_MASK, 0
0x0267	0x1683      	BSF        STATUS, 5
0x0268	0x0486      	IORWF      TRISB, 1
;Code_embedded.c,99 :: 		TRISC = TRISC & ~SERVO_MASK;                                  // RC2 output (servo PWM)
0x0269	0x1283      	BCF        STATUS, 5
0x026A	0x092A      	COMF       _SERVO_MASK, 0
0x026B	0x00F0      	MOVWF      R0
0x026C	0x0870      	MOVF       R0, 0
0x026D	0x1683      	BSF        STATUS, 5
0x026E	0x0587      	ANDWF      TRISC, 1
;Code_embedded.c,100 :: 		TRISE = TRISE & ~(IR_LED1_MASK | IR_LED2_MASK);  // RE1, RE2 outputs for IR-indicator LEDs
0x026F	0x1283      	BCF        STATUS, 5
0x0270	0x0836      	MOVF       _IR_LED2_MASK, 0
0x0271	0x0437      	IORWF      _IR_LED1_MASK, 0
0x0272	0x00F0      	MOVWF      R0
0x0273	0x0970      	COMF       R0, 0
0x0274	0x00F2      	MOVWF      R2
0x0275	0x0872      	MOVF       R2, 0
0x0276	0x1683      	BSF        STATUS, 5
0x0277	0x0589      	ANDWF      TRISE, 1
;Code_embedded.c,104 :: 		PORTD = (PORTD | IN1_MASK) & ~IN2_MASK;                // motor IN1=1, IN2=0
0x0278	0x1283      	BCF        STATUS, 5
0x0279	0x0832      	MOVF       _IN1_MASK, 0
0x027A	0x0408      	IORWF      PORTD, 0
0x027B	0x00F1      	MOVWF      R1
0x027C	0x092B      	COMF       _IN2_MASK, 0
0x027D	0x00F0      	MOVWF      R0
0x027E	0x0870      	MOVF       R0, 0
0x027F	0x0571      	ANDWF      R1, 0
0x0280	0x0088      	MOVWF      PORTD
;Code_embedded.c,105 :: 		PORTB = PORTB & ~TRIG_MASK;
0x0281	0x0875      	MOVF       R5, 0
0x0282	0x0586      	ANDWF      PORTB, 1
;Code_embedded.c,106 :: 		PORTE = PORTE & ~BUZZER_MASK;
0x0283	0x0874      	MOVF       R4, 0
0x0284	0x0589      	ANDWF      PORTE, 1
;Code_embedded.c,107 :: 		PORTC = PORTC & ~FLAME_LED_MASK;
0x0285	0x0873      	MOVF       R3, 0
0x0286	0x0587      	ANDWF      PORTC, 1
;Code_embedded.c,108 :: 		PORTE = PORTE & ~(IR_LED1_MASK | IR_LED2_MASK);  // make sure IR LEDs start off
0x0287	0x0872      	MOVF       R2, 0
0x0288	0x0589      	ANDWF      PORTE, 1
;Code_embedded.c,112 :: 		Delay_ms(50);
0x0289	0x3082      	MOVLW      130
0x028A	0x00FC      	MOVWF      R12
0x028B	0x30DD      	MOVLW      221
0x028C	0x00FD      	MOVWF      R13
L_main7:
0x028D	0x0BFD      	DECFSZ     R13, 1
0x028E	0x2A8D      	GOTO       L_main7
0x028F	0x0BFC      	DECFSZ     R12, 1
0x0290	0x2A8D      	GOTO       L_main7
0x0291	0x0000      	NOP
0x0292	0x0000      	NOP
;Code_embedded.c,113 :: 		CCPPWM_init();
0x0293	0x21F2      	CALL       _CCPPWM_init
;Code_embedded.c,116 :: 		flameDetected = 0;                                     // clear flag
0x0294	0x01B8      	CLRF       _flameDetected
;Code_embedded.c,117 :: 		OPTION_REG = 0b00000111;  // prescaler 1:256 on TMR0
0x0295	0x3007      	MOVLW      7
0x0296	0x1683      	BSF        STATUS, 5
0x0297	0x0081      	MOVWF      OPTION_REG
;Code_embedded.c,118 :: 		TMR0       = 6;           // preload
0x0298	0x3006      	MOVLW      6
0x0299	0x1283      	BCF        STATUS, 5
0x029A	0x0081      	MOVWF      TMR0
;Code_embedded.c,119 :: 		INTCON.T0IE = 1;          // enable TMR0 interrupt
0x029B	0x168B      	BSF        INTCON, 5
;Code_embedded.c,120 :: 		INTCON.GIE  = 1;          // global interrupts
0x029C	0x178B      	BSF        INTCON, 7
;Code_embedded.c,123 :: 		while (1) {
L_main8:
;Code_embedded.c,125 :: 		if (flameDetected) {
0x029D	0x0838      	MOVF       _flameDetected, 0
0x029E	0x1903      	BTFSC      STATUS, 2
0x029F	0x2AB4      	GOTO       L_main10
;Code_embedded.c,126 :: 		PORTE = PORTE | BUZZER_MASK;      // buzzer on
0x02A0	0x0834      	MOVF       _BUZZER_MASK, 0
0x02A1	0x0489      	IORWF      PORTE, 1
;Code_embedded.c,127 :: 		PORTC = PORTC | FLAME_LED_MASK;   // flame LED on
0x02A2	0x0833      	MOVF       _FLAME_LED_MASK, 0
0x02A3	0x0487      	IORWF      PORTC, 1
;Code_embedded.c,129 :: 		while (PORTD & FLAME_SENSOR_MASK);
L_main11:
0x02A4	0x0827      	MOVF       _FLAME_SENSOR_MASK, 0
0x02A5	0x0508      	ANDWF      PORTD, 0
0x02A6	0x00F0      	MOVWF      R0
0x02A7	0x1903      	BTFSC      STATUS, 2
0x02A8	0x2AAA      	GOTO       L_main12
0x02A9	0x2AA4      	GOTO       L_main11
L_main12:
;Code_embedded.c,131 :: 		PORTE = PORTE & ~BUZZER_MASK;
0x02AA	0x0934      	COMF       _BUZZER_MASK, 0
0x02AB	0x00F0      	MOVWF      R0
0x02AC	0x0870      	MOVF       R0, 0
0x02AD	0x0589      	ANDWF      PORTE, 1
;Code_embedded.c,132 :: 		PORTC = PORTC & ~FLAME_LED_MASK;
0x02AE	0x0933      	COMF       _FLAME_LED_MASK, 0
0x02AF	0x00F0      	MOVWF      R0
0x02B0	0x0870      	MOVF       R0, 0
0x02B1	0x0587      	ANDWF      PORTC, 1
;Code_embedded.c,133 :: 		flameDetected = 0;
0x02B2	0x01B8      	CLRF       _flameDetected
;Code_embedded.c,134 :: 		continue;                  // skip normal routine this pass
0x02B3	0x2A9D      	GOTO       L_main8
;Code_embedded.c,135 :: 		}
L_main10:
;Code_embedded.c,138 :: 		PORTB = PORTB & ~TRIG_MASK; Delay_us(2);
0x02B4	0x0926      	COMF       _TRIG_MASK, 0
0x02B5	0x00F0      	MOVWF      R0
0x02B6	0x0870      	MOVF       R0, 0
0x02B7	0x0586      	ANDWF      PORTB, 1
0x02B8	0x0000      	NOP
0x02B9	0x0000      	NOP
0x02BA	0x0000      	NOP
0x02BB	0x0000      	NOP
;Code_embedded.c,139 :: 		PORTB = PORTB | TRIG_MASK; Delay_us(10);
0x02BC	0x0826      	MOVF       _TRIG_MASK, 0
0x02BD	0x0486      	IORWF      PORTB, 1
0x02BE	0x3006      	MOVLW      6
0x02BF	0x00FD      	MOVWF      R13
L_main13:
0x02C0	0x0BFD      	DECFSZ     R13, 1
0x02C1	0x2AC0      	GOTO       L_main13
0x02C2	0x0000      	NOP
;Code_embedded.c,140 :: 		PORTB = PORTB & ~TRIG_MASK;
0x02C3	0x0926      	COMF       _TRIG_MASK, 0
0x02C4	0x00F0      	MOVWF      R0
0x02C5	0x0870      	MOVF       R0, 0
0x02C6	0x0586      	ANDWF      PORTB, 1
;Code_embedded.c,142 :: 		while (!(PORTB & ECHO_MASK));
L_main14:
0x02C7	0x0825      	MOVF       _ECHO_MASK, 0
0x02C8	0x0506      	ANDWF      PORTB, 0
0x02C9	0x00F0      	MOVWF      R0
0x02CA	0x1D03      	BTFSS      STATUS, 2
0x02CB	0x2ACD      	GOTO       L_main15
0x02CC	0x2AC7      	GOTO       L_main14
L_main15:
;Code_embedded.c,143 :: 		TMR1H = 0; TMR1L = 0;
0x02CD	0x018F      	CLRF       TMR1H
0x02CE	0x018E      	CLRF       TMR1L
;Code_embedded.c,144 :: 		T1CON = 0b00000001;           // start Timer1
0x02CF	0x3001      	MOVLW      1
0x02D0	0x0090      	MOVWF      T1CON
;Code_embedded.c,145 :: 		while (PORTB & ECHO_MASK);
L_main16:
0x02D1	0x0825      	MOVF       _ECHO_MASK, 0
0x02D2	0x0506      	ANDWF      PORTB, 0
0x02D3	0x00F0      	MOVWF      R0
0x02D4	0x1903      	BTFSC      STATUS, 2
0x02D5	0x2AD7      	GOTO       L_main17
0x02D6	0x2AD1      	GOTO       L_main16
L_main17:
;Code_embedded.c,146 :: 		T1CON.F0 = 0;                 // stop Timer1
0x02D7	0x1010      	BCF        T1CON, 0
;Code_embedded.c,147 :: 		tcount = (TMR1H << 8) | TMR1L;
0x02D8	0x080F      	MOVF       TMR1H, 0
0x02D9	0x00F1      	MOVWF      R0+1
0x02DA	0x01F0      	CLRF       R0
0x02DB	0x080E      	MOVF       TMR1L, 0
0x02DC	0x0470      	IORWF      R0, 0
0x02DD	0x00F2      	MOVWF      R2
0x02DE	0x0871      	MOVF       R0+1, 0
0x02DF	0x00F3      	MOVWF      R2+1
0x02E0	0x3000      	MOVLW      0
0x02E1	0x04F3      	IORWF      R2+1, 1
0x02E2	0x0872      	MOVF       R2, 0
0x02E3	0x00BE      	MOVWF      main_tcount_L0
0x02E4	0x0873      	MOVF       R2+1, 0
0x02E5	0x00BF      	MOVWF      main_tcount_L0+1
;Code_embedded.c,149 :: 		if (tcount < TH_5CM) {
0x02E6	0x082D      	MOVF       _TH_5CM+1, 0
0x02E7	0x0273      	SUBWF      R2+1, 0
0x02E8	0x1D03      	BTFSS      STATUS, 2
0x02E9	0x2AEC      	GOTO       L__main40
0x02EA	0x082C      	MOVF       _TH_5CM, 0
0x02EB	0x0272      	SUBWF      R2, 0
L__main40:
0x02EC	0x1803      	BTFSC      STATUS, 0
0x02ED	0x2AF6      	GOTO       L_main18
;Code_embedded.c,150 :: 		PORTD = PORTD  | (LED1_MASK | LED2_MASK | LED3_MASK);
0x02EE	0x0822      	MOVF       _LED2_MASK, 0
0x02EF	0x0423      	IORWF      _LED1_MASK, 0
0x02F0	0x00F0      	MOVWF      R0
0x02F1	0x0824      	MOVF       _LED3_MASK, 0
0x02F2	0x04F0      	IORWF      R0, 1
0x02F3	0x0870      	MOVF       R0, 0
0x02F4	0x0488      	IORWF      PORTD, 1
;Code_embedded.c,151 :: 		}
0x02F5	0x2B24      	GOTO       L_main19
L_main18:
;Code_embedded.c,152 :: 		else if (tcount < TH_10CM) {
0x02F6	0x0831      	MOVF       _TH_10CM+1, 0
0x02F7	0x023F      	SUBWF      main_tcount_L0+1, 0
0x02F8	0x1D03      	BTFSS      STATUS, 2
0x02F9	0x2AFC      	GOTO       L__main41
0x02FA	0x0830      	MOVF       _TH_10CM, 0
0x02FB	0x023E      	SUBWF      main_tcount_L0, 0
L__main41:
0x02FC	0x1803      	BTFSC      STATUS, 0
0x02FD	0x2B0A      	GOTO       L_main20
;Code_embedded.c,153 :: 		PORTD = (PORTD & ~LED3_MASK) | (LED1_MASK | LED2_MASK);
0x02FE	0x0924      	COMF       _LED3_MASK, 0
0x02FF	0x00F0      	MOVWF      R0
0x0300	0x0870      	MOVF       R0, 0
0x0301	0x0508      	ANDWF      PORTD, 0
0x0302	0x00F1      	MOVWF      R1
0x0303	0x0822      	MOVF       _LED2_MASK, 0
0x0304	0x0423      	IORWF      _LED1_MASK, 0
0x0305	0x00F0      	MOVWF      R0
0x0306	0x0870      	MOVF       R0, 0
0x0307	0x0471      	IORWF      R1, 0
0x0308	0x0088      	MOVWF      PORTD
;Code_embedded.c,154 :: 		}
0x0309	0x2B24      	GOTO       L_main21
L_main20:
;Code_embedded.c,155 :: 		else if (tcount < TH_15CM) {
0x030A	0x082F      	MOVF       _TH_15CM+1, 0
0x030B	0x023F      	SUBWF      main_tcount_L0+1, 0
0x030C	0x1D03      	BTFSS      STATUS, 2
0x030D	0x2B10      	GOTO       L__main42
0x030E	0x082E      	MOVF       _TH_15CM, 0
0x030F	0x023E      	SUBWF      main_tcount_L0, 0
L__main42:
0x0310	0x1803      	BTFSC      STATUS, 0
0x0311	0x2B1C      	GOTO       L_main22
;Code_embedded.c,156 :: 		PORTD = (PORTD & ~(LED2_MASK|LED3_MASK)) | LED1_MASK;
0x0312	0x0824      	MOVF       _LED3_MASK, 0
0x0313	0x0422      	IORWF      _LED2_MASK, 0
0x0314	0x00F0      	MOVWF      R0
0x0315	0x09F0      	COMF       R0, 1
0x0316	0x0808      	MOVF       PORTD, 0
0x0317	0x05F0      	ANDWF      R0, 1
0x0318	0x0823      	MOVF       _LED1_MASK, 0
0x0319	0x0470      	IORWF      R0, 0
0x031A	0x0088      	MOVWF      PORTD
;Code_embedded.c,157 :: 		}
0x031B	0x2B24      	GOTO       L_main23
L_main22:
;Code_embedded.c,159 :: 		PORTD &= ~(LED1_MASK|LED2_MASK|LED3_MASK);
0x031C	0x0822      	MOVF       _LED2_MASK, 0
0x031D	0x0423      	IORWF      _LED1_MASK, 0
0x031E	0x00F0      	MOVWF      R0
0x031F	0x0824      	MOVF       _LED3_MASK, 0
0x0320	0x04F0      	IORWF      R0, 1
0x0321	0x09F0      	COMF       R0, 1
0x0322	0x0870      	MOVF       R0, 0
0x0323	0x0588      	ANDWF      PORTD, 1
;Code_embedded.c,160 :: 		}
L_main23:
L_main21:
L_main19:
;Code_embedded.c,163 :: 		adc_val = Read_ADC(0);
0x0324	0x01C2      	CLRF       FARG_Read_ADC_channel
0x0325	0x21B6      	CALL       _Read_ADC
;Code_embedded.c,164 :: 		temp    = adc_val * 0.488;
0x0326	0x21DC      	CALL       _word2double
0x0327	0x3023      	MOVLW      35
0x0328	0x00F4      	MOVWF      R4
0x0329	0x30DB      	MOVLW      219
0x032A	0x00F5      	MOVWF      R4+1
0x032B	0x3079      	MOVLW      121
0x032C	0x00F6      	MOVWF      R4+2
0x032D	0x307D      	MOVLW      125
0x032E	0x00F7      	MOVWF      R4+3
0x032F	0x2144      	CALL       _Mul_32x32_FP
;Code_embedded.c,165 :: 		if (temp < 40.0) {
0x0330	0x3000      	MOVLW      0
0x0331	0x00F4      	MOVWF      R4
0x0332	0x3000      	MOVLW      0
0x0333	0x00F5      	MOVWF      R4+1
0x0334	0x3020      	MOVLW      32
0x0335	0x00F6      	MOVWF      R4+2
0x0336	0x3084      	MOVLW      132
0x0337	0x00F7      	MOVWF      R4+3
0x0338	0x20F4      	CALL       _Compare_Double
0x0339	0x3001      	MOVLW      1
0x033A	0x1803      	BTFSC      STATUS, 0
0x033B	0x3000      	MOVLW      0
0x033C	0x00F0      	MOVWF      R0
0x033D	0x0870      	MOVF       R0, 0
0x033E	0x1903      	BTFSC      STATUS, 2
0x033F	0x2B4B      	GOTO       L_main24
;Code_embedded.c,166 :: 		for (i = 0; i < 50; i++) {
0x0340	0x01BD      	CLRF       main_i_L0
L_main25:
0x0341	0x3032      	MOVLW      50
0x0342	0x023D      	SUBWF      main_i_L0, 0
0x0343	0x1803      	BTFSC      STATUS, 0
0x0344	0x2B4A      	GOTO       L_main26
;Code_embedded.c,167 :: 		PWM_Software(duty);
0x0345	0x0841      	MOVF       main_duty_L0, 0
0x0346	0x00C2      	MOVWF      FARG_PWM_Software_duty_percent
0x0347	0x20D1      	CALL       _PWM_Software
;Code_embedded.c,166 :: 		for (i = 0; i < 50; i++) {
0x0348	0x0ABD      	INCF       main_i_L0, 1
;Code_embedded.c,168 :: 		}
0x0349	0x2B41      	GOTO       L_main25
L_main26:
;Code_embedded.c,169 :: 		} else {
0x034A	0x2B4F      	GOTO       L_main28
L_main24:
;Code_embedded.c,170 :: 		PORTD = PORTD & ~MOTOR_ENABLE_MASK;
0x034B	0x0929      	COMF       _MOTOR_ENABLE_MASK, 0
0x034C	0x00F0      	MOVWF      R0
0x034D	0x0870      	MOVF       R0, 0
0x034E	0x0588      	ANDWF      PORTD, 1
;Code_embedded.c,171 :: 		}
L_main28:
;Code_embedded.c,174 :: 		if (PORTB & IR_SENSOR_MASK) {
0x034F	0x0835      	MOVF       _IR_SENSOR_MASK, 0
0x0350	0x0506      	ANDWF      PORTB, 0
0x0351	0x00F0      	MOVWF      R0
0x0352	0x1903      	BTFSC      STATUS, 2
0x0353	0x2B5D      	GOTO       L_main29
;Code_embedded.c,176 :: 		PORTE = PORTE & ~(IR_LED1_MASK | IR_LED2_MASK);
0x0354	0x0836      	MOVF       _IR_LED2_MASK, 0
0x0355	0x0437      	IORWF      _IR_LED1_MASK, 0
0x0356	0x00F0      	MOVWF      R0
0x0357	0x09F0      	COMF       R0, 1
0x0358	0x0870      	MOVF       R0, 0
0x0359	0x0589      	ANDWF      PORTE, 1
;Code_embedded.c,177 :: 		servo_position = 62;
0x035A	0x303E      	MOVLW      62
0x035B	0x00C0      	MOVWF      main_servo_position_L0
;Code_embedded.c,178 :: 		} else {
0x035C	0x2B64      	GOTO       L_main30
L_main29:
;Code_embedded.c,180 :: 		PORTE = PORTE | (IR_LED1_MASK | IR_LED2_MASK);
0x035D	0x0836      	MOVF       _IR_LED2_MASK, 0
0x035E	0x0437      	IORWF      _IR_LED1_MASK, 0
0x035F	0x00F0      	MOVWF      R0
0x0360	0x0870      	MOVF       R0, 0
0x0361	0x0489      	IORWF      PORTE, 1
;Code_embedded.c,181 :: 		servo_position = 150;
0x0362	0x3096      	MOVLW      150
0x0363	0x00C0      	MOVWF      main_servo_position_L0
;Code_embedded.c,182 :: 		}
L_main30:
;Code_embedded.c,183 :: 		servo_control(servo_position);
0x0364	0x0840      	MOVF       main_servo_position_L0, 0
0x0365	0x00C2      	MOVWF      FARG_servo_control_position
0x0366	0x21A5      	CALL       _servo_control
;Code_embedded.c,185 :: 		Delay_ms(100);
0x0367	0x3002      	MOVLW      2
0x0368	0x00FB      	MOVWF      R11
0x0369	0x3004      	MOVLW      4
0x036A	0x00FC      	MOVWF      R12
0x036B	0x30BA      	MOVLW      186
0x036C	0x00FD      	MOVWF      R13
L_main31:
0x036D	0x0BFD      	DECFSZ     R13, 1
0x036E	0x2B6D      	GOTO       L_main31
0x036F	0x0BFC      	DECFSZ     R12, 1
0x0370	0x2B6D      	GOTO       L_main31
0x0371	0x0BFB      	DECFSZ     R11, 1
0x0372	0x2B6D      	GOTO       L_main31
0x0373	0x0000      	NOP
;Code_embedded.c,186 :: 		}
0x0374	0x2A9D      	GOTO       L_main8
;Code_embedded.c,187 :: 		}
L_end_main:
0x0375	0x2B75      	GOTO       $+0
; end of _main
Symbol List:
//** Routines locations **
//ADDRESS    SIZE    PROCEDURE
//----------------------------------------------
0x0004      [30]    _interrupt
0x0022       [7]    _RES032
0x0029      [12]    _SETFUN32
0x0035       [4]    _FIXSIGN32
0x0039      [47]    _NRM3232
0x0068      [25]    _Mul_8X8_U
0x0081       [7]    _____DoICP
0x0088      [12]    _SETFOV32
0x0094      [18]    _delay_us_variable
0x00A6      [43]    _Mul_16X16_U
0x00D1      [35]    _PWM_Software
0x00F4      [80]    _Compare_Double
0x0144      [97]    _Mul_32x32_FP
0x01A5       [5]    _servo_control
0x01AA      [12]    ___CC2DW
0x01B6      [38]    _Read_ADC
0x01DC      [22]    _word2double
0x01F2      [19]    _CCPPWM_init
0x0205     [369]    _main
//** Variables locations ** 
//ADDRESS    SIZE    VARIABLE
//----------------------------------------------
0x0000       [1]    INDF
0x0001       [1]    TMR0
0x0002       [1]    PCL
0x0003       [1]    STATUS
0x0004       [1]    FSR
0x0006       [1]    PORTB
0x0007       [1]    PORTC
0x0008       [1]    PORTD
0x0009       [1]    PORTE
0x000A       [1]    PCLATH
0x000B       [1]    INTCON
0x000E       [1]    TMR1L
0x000F       [1]    TMR1H
0x0010       [1]    T1CON
0x0012       [1]    T2CON
0x0015       [1]    CCPR1L
0x0017       [1]    CCP1CON
0x001E       [1]    ADRESH
0x001F       [1]    ADCON0
0x0020       [1]    __math_tempbD
0x0022       [1]    _LED2_MASK
0x0023       [1]    _LED1_MASK
0x0024       [1]    _LED3_MASK
0x0025       [1]    _ECHO_MASK
0x0026       [1]    _TRIG_MASK
0x0027       [1]    _FLAME_SENSOR_MASK
0x0028       [1]    _GO_DONE_MASK
0x0029       [1]    _MOTOR_ENABLE_MASK
0x002A       [1]    _SERVO_MASK
0x002B       [1]    _IN2_MASK
0x002C       [2]    _TH_5CM
0x002E       [2]    _TH_15CM
0x0030       [2]    _TH_10CM
0x0032       [1]    _IN1_MASK
0x0033       [1]    _FLAME_LED_MASK
0x0034       [1]    _BUZZER_MASK
0x0035       [1]    _IR_SENSOR_MASK
0x0036       [1]    _IR_LED2_MASK
0x0037       [1]    _IR_LED1_MASK
0x0038       [1]    _flameDetected
0x0039       [1]    ___savePCLATH
0x003A       [1]    ___saveSTATUS
0x003B       [2]    ___DoICPAddr
0x003D       [1]    main_i_L0
0x003E       [2]    main_tcount_L0
0x0040       [1]    main_servo_position_L0
0x0041       [1]    main_duty_L0
0x0042       [1]    FARG_PWM_Software_duty_percent
0x0042       [1]    FARG_Read_ADC_channel
0x0042       [1]    FARG_servo_control_position
0x0043       [2]    FARG_delay_us_variable_t
0x0070       [1]    R0
0x0071       [1]    R1
0x0072       [1]    R2
0x0073       [1]    R3
0x0074       [1]    R4
0x0075       [1]    R5
0x0076       [1]    R6
0x0077       [1]    R7
0x0078       [1]    R8
0x0079       [1]    R9
0x007A       [1]    R10
0x007B       [1]    R11
0x007C       [1]    R12
0x007D       [1]    R13
0x007E       [1]    R14
0x007F       [1]    R15
0x0081       [1]    OPTION_REG
0x0085       [1]    TRISA
0x0086       [1]    TRISB
0x0087       [1]    TRISC
0x0088       [1]    TRISD
0x0089       [1]    TRISE
0x0092       [1]    PR2
0x009C       [1]    CMCON
0x009E       [1]    ADRESL
0x009F       [1]    ADCON1
