;  LST file generated by mikroListExporter - v.2.0 
; Date/Time: 5/29/2025 3:51:50 AM
;----------------------------------------------

;Address Opcode 	ASM
0x0000	0x2A29      	GOTO       553
_interrupt:
0x0004	0x00FF      	MOVWF      R15
0x0005	0x0E03      	SWAPF      STATUS, 0
0x0006	0x0183      	CLRF       STATUS
0x0007	0x00BC      	MOVWF      ___saveSTATUS
0x0008	0x080A      	MOVF       PCLATH, 0
0x0009	0x00BB      	MOVWF      ___savePCLATH
0x000A	0x018A      	CLRF       PCLATH
0x000B	0x0870      	MOVF       R0, 0
0x000C	0x00A1      	MOVWF      33
;Code_embedded.c,74 :: 		void interrupt() {
;Code_embedded.c,75 :: 		if (INTCON & 0b00100000) {
0x000D	0x1E8B      	BTFSS      INTCON, 5
0x000E	0x281A      	GOTO       L_interrupt10
;Code_embedded.c,76 :: 		INTCON = INTCON & 0b11011111;    // clear overflow flag
0x000F	0x30DF      	MOVLW      223
0x0010	0x058B      	ANDWF      INTCON, 1
;Code_embedded.c,77 :: 		TMR0        = 6;    // reload for next ~64ms
0x0011	0x3006      	MOVLW      6
0x0012	0x0081      	MOVWF      TMR0
;Code_embedded.c,80 :: 		if (PORTD & FLAME_SENSOR_MASK) {
0x0013	0x0825      	MOVF       _FLAME_SENSOR_MASK, 0
0x0014	0x0508      	ANDWF      PORTD, 0
0x0015	0x00F0      	MOVWF      R0
0x0016	0x1903      	BTFSC      STATUS, 2
0x0017	0x281A      	GOTO       L_interrupt11
;Code_embedded.c,81 :: 		flameDetected = 1;
0x0018	0x3001      	MOVLW      1
0x0019	0x00BA      	MOVWF      _flameDetected
;Code_embedded.c,82 :: 		}
L_interrupt11:
;Code_embedded.c,83 :: 		}
L_interrupt10:
;Code_embedded.c,84 :: 		}
L_end_interrupt:
L__interrupt42:
0x001A	0x0821      	MOVF       33, 0
0x001B	0x00F0      	MOVWF      R0
0x001C	0x083B      	MOVF       ___savePCLATH, 0
0x001D	0x008A      	MOVWF      PCLATH
0x001E	0x0E3C      	SWAPF      ___saveSTATUS, 0
0x001F	0x0083      	MOVWF      STATUS
0x0020	0x0EFF      	SWAPF      R15, 1
0x0021	0x0E7F      	SWAPF      R15, 0
0x0022	0x0009      	RETFIE
; end of _interrupt
_RES032:
;__Lib_MathDouble.c,123 :: 		
;__Lib_MathDouble.c,128 :: 		
0x0023	0x01F2      	CLRF       R2
;__Lib_MathDouble.c,129 :: 		
0x0024	0x01F1      	CLRF       R1
;__Lib_MathDouble.c,130 :: 		
0x0025	0x01F0      	CLRF       R0
;__Lib_MathDouble.c,131 :: 		
0x0026	0x01F8      	CLRF       R8
;__Lib_MathDouble.c,132 :: 		
0x0027	0x01F3      	CLRF       R3
;__Lib_MathDouble.c,133 :: 		
0x0028	0x3000      	MOVLW      0
;__Lib_MathDouble.c,135 :: 		
L_end_RES032:
0x0029	0x0008      	RETURN
; end of _RES032
_SETFUN32:
;__Lib_MathDouble.c,138 :: 		
;__Lib_MathDouble.c,145 :: 		
0x002A	0x157B      	BSF        R11, 2
;__Lib_MathDouble.c,146 :: 		
0x002B	0x1FFB      	BTFSS      R11, 7
;__Lib_MathDouble.c,147 :: 		
0x002C	0x2834      	GOTO       SETFUN32EEE
;__Lib_MathDouble.c,148 :: 		
0x002D	0x3001      	MOVLW      1
;__Lib_MathDouble.c,149 :: 		
0x002E	0x00F3      	MOVWF      R3
;__Lib_MathDouble.c,150 :: 		
0x002F	0x01F2      	CLRF       R2
;__Lib_MathDouble.c,151 :: 		
0x0030	0x01F1      	CLRF       R1
;__Lib_MathDouble.c,152 :: 		
0x0031	0x01F0      	CLRF       R0
;__Lib_MathDouble.c,153 :: 		
0x0032	0x0DFA      	RLF        R10, 1
;__Lib_MathDouble.c,154 :: 		
0x0033	0x0CF2      	RRF        R2, 1
;__Lib_MathDouble.c,155 :: 		
SETFUN32EEE:
;__Lib_MathDouble.c,156 :: 		
0x0034	0x30FF      	MOVLW      255
;__Lib_MathDouble.c,158 :: 		
L_end_SETFUN32:
0x0035	0x0008      	RETURN
; end of _SETFUN32
_FIXSIGN32:
;__Lib_MathDouble.c,112 :: 		
;__Lib_MathDouble.c,116 :: 		
0x0036	0x1FFA      	BTFSS      R10, 7
;__Lib_MathDouble.c,117 :: 		
0x0037	0x13F2      	BCF        R2, 7
;__Lib_MathDouble.c,118 :: 		
0x0038	0x3000      	MOVLW      0
;__Lib_MathDouble.c,120 :: 		
L_end_FIXSIGN32:
0x0039	0x0008      	RETURN
; end of _FIXSIGN32
_Delay_us_New:
;Code_embedded.c,33 :: 		void Delay_us_New(unsigned int us) {
;Code_embedded.c,35 :: 		while(us--) {
L_Delay_us_New3:
0x003A	0x1283      	BCF        STATUS, 5
0x003B	0x1303      	BCF        STATUS, 6
0x003C	0x0844      	MOVF       FARG_Delay_us_New_us, 0
0x003D	0x00F0      	MOVWF      R0
0x003E	0x0845      	MOVF       FARG_Delay_us_New_us+1, 0
0x003F	0x00F1      	MOVWF      R0+1
0x0040	0x3001      	MOVLW      1
0x0041	0x02C4      	SUBWF      FARG_Delay_us_New_us, 1
0x0042	0x1C03      	BTFSS      STATUS, 0
0x0043	0x03C5      	DECF       FARG_Delay_us_New_us+1, 1
0x0044	0x0870      	MOVF       R0, 0
0x0045	0x0471      	IORWF      R0+1, 0
0x0046	0x1903      	BTFSC      STATUS, 2
0x0047	0x2857      	GOTO       L_Delay_us_New4
;Code_embedded.c,37 :: 		for (i = 0; i < 2; i++) {
0x0048	0x01F2      	CLRF       R2
0x0049	0x01F3      	CLRF       R2+1
L_Delay_us_New5:
0x004A	0x3000      	MOVLW      0
0x004B	0x0273      	SUBWF      R2+1, 0
0x004C	0x1D03      	BTFSS      STATUS, 2
0x004D	0x2850      	GOTO       L__Delay_us_New36
0x004E	0x3002      	MOVLW      2
0x004F	0x0272      	SUBWF      R2, 0
L__Delay_us_New36:
0x0050	0x1803      	BTFSC      STATUS, 0
0x0051	0x2856      	GOTO       L_Delay_us_New6
0x0052	0x0AF2      	INCF       R2, 1
0x0053	0x1903      	BTFSC      STATUS, 2
0x0054	0x0AF3      	INCF       R2+1, 1
;Code_embedded.c,39 :: 		}
0x0055	0x284A      	GOTO       L_Delay_us_New5
L_Delay_us_New6:
;Code_embedded.c,40 :: 		}
0x0056	0x283A      	GOTO       L_Delay_us_New3
L_Delay_us_New4:
;Code_embedded.c,41 :: 		}
L_end_Delay_us_New:
0x0057	0x0008      	RETURN
; end of _Delay_us_New
_____DoICP:
;__Lib_System.c,6 :: 		
;__Lib_System.c,9 :: 		
0x0058	0x1283      	BCF        STATUS, 5
0x0059	0x1303      	BCF        STATUS, 6
0x005A	0x0839      	MOVF       ___DoICPAddr+1, 0
0x005B	0x008A      	MOVWF      PCLATH
;__Lib_System.c,10 :: 		
0x005C	0x0838      	MOVF       ___DoICPAddr, 0
0x005D	0x0082      	MOVWF      PCL
;__Lib_System.c,12 :: 		
L_end_____DoICP:
0x005E	0x0008      	RETURN
; end of _____DoICP
_SETFOV32:
;__Lib_MathDouble.c,79 :: 		
;__Lib_MathDouble.c,86 :: 		
0x005F	0x14FB      	BSF        R11, 1
;__Lib_MathDouble.c,87 :: 		
0x0060	0x1FFB      	BTFSS      R11, 7
;__Lib_MathDouble.c,88 :: 		
0x0061	0x2869      	GOTO       SETFOV32EEE
;__Lib_MathDouble.c,89 :: 		
0x0062	0x30FF      	MOVLW      255
;__Lib_MathDouble.c,90 :: 		
0x0063	0x00F3      	MOVWF      R3
;__Lib_MathDouble.c,91 :: 		
0x0064	0x00F2      	MOVWF      R2
;__Lib_MathDouble.c,92 :: 		
0x0065	0x00F1      	MOVWF      R1
;__Lib_MathDouble.c,93 :: 		
0x0066	0x00F0      	MOVWF      R0
;__Lib_MathDouble.c,94 :: 		
0x0067	0x0DFA      	RLF        R10, 1
;__Lib_MathDouble.c,95 :: 		
0x0068	0x0CF2      	RRF        R2, 1
;__Lib_MathDouble.c,96 :: 		
SETFOV32EEE:
;__Lib_MathDouble.c,97 :: 		
0x0069	0x30FF      	MOVLW      255
;__Lib_MathDouble.c,99 :: 		
L_end_SETFOV32:
0x006A	0x0008      	RETURN
; end of _SETFOV32
_Mul_16X16_U:
;__Lib_Math.c,136 :: 		
;__Lib_Math.c,143 :: 		
0x006B	0x1283      	BCF        STATUS, 5
;__Lib_Math.c,144 :: 		
0x006C	0x1303      	BCF        STATUS, 6
;__Lib_Math.c,145 :: 		
0x006D	0x01FB      	CLRF       R11
;__Lib_Math.c,146 :: 		
0x006E	0x01FA      	CLRF       R10
;__Lib_Math.c,147 :: 		
0x006F	0x01F9      	CLRF       R9
;__Lib_Math.c,148 :: 		
0x0070	0x3080      	MOVLW      128
;__Lib_Math.c,149 :: 		
0x0071	0x00F8      	MOVWF      R8
;__Lib_Math.c,150 :: 		
0x0072	0x0CF1      	RRF        R1, 1
;__Lib_Math.c,151 :: 		
0x0073	0x0CF0      	RRF        R0, 1
;__Lib_Math.c,152 :: 		
0x0074	0x1C03      	BTFSS      STATUS, 0
;__Lib_Math.c,153 :: 		
0x0075	0x287F      	GOTO       $+10
;__Lib_Math.c,154 :: 		
0x0076	0x0874      	MOVF       R4, 0
;__Lib_Math.c,155 :: 		
0x0077	0x07F9      	ADDWF      R9, 1
;__Lib_Math.c,156 :: 		
0x0078	0x0875      	MOVF       R5, 0
;__Lib_Math.c,157 :: 		
0x0079	0x1803      	BTFSC      STATUS, 0
;__Lib_Math.c,158 :: 		
0x007A	0x0F75      	INCFSZ     R5, 0
;__Lib_Math.c,159 :: 		
0x007B	0x07FA      	ADDWF      R10, 1
;__Lib_Math.c,160 :: 		
0x007C	0x1803      	BTFSC      STATUS, 0
;__Lib_Math.c,161 :: 		
0x007D	0x0AFB      	INCF       R11, 1
;__Lib_Math.c,162 :: 		
0x007E	0x1003      	BCF        STATUS, 0
;__Lib_Math.c,163 :: 		
0x007F	0x1FF0      	BTFSS      R0, 7
;__Lib_Math.c,164 :: 		
0x0080	0x2887      	GOTO       $+7
;__Lib_Math.c,165 :: 		
0x0081	0x0874      	MOVF       R4, 0
;__Lib_Math.c,166 :: 		
0x0082	0x07FA      	ADDWF      R10, 1
;__Lib_Math.c,167 :: 		
0x0083	0x0875      	MOVF       R5, 0
;__Lib_Math.c,168 :: 		
0x0084	0x1803      	BTFSC      STATUS, 0
;__Lib_Math.c,169 :: 		
0x0085	0x0F75      	INCFSZ     R5, 0
;__Lib_Math.c,170 :: 		
0x0086	0x07FB      	ADDWF      R11, 1
;__Lib_Math.c,171 :: 		
0x0087	0x0CFB      	RRF        R11, 1
;__Lib_Math.c,172 :: 		
0x0088	0x0CFA      	RRF        R10, 1
;__Lib_Math.c,173 :: 		
0x0089	0x0CF9      	RRF        R9, 1
;__Lib_Math.c,174 :: 		
0x008A	0x0CF8      	RRF        R8, 1
;__Lib_Math.c,175 :: 		
0x008B	0x1C03      	BTFSS      STATUS, 0
;__Lib_Math.c,176 :: 		
0x008C	0x2872      	GOTO       $-26
;__Lib_Math.c,177 :: 		
0x008D	0x087B      	MOVF       R11, 0
;__Lib_Math.c,178 :: 		
0x008E	0x00F3      	MOVWF      R3
;__Lib_Math.c,179 :: 		
0x008F	0x087A      	MOVF       R10, 0
;__Lib_Math.c,180 :: 		
0x0090	0x00F2      	MOVWF      R2
;__Lib_Math.c,181 :: 		
0x0091	0x0879      	MOVF       R9, 0
;__Lib_Math.c,182 :: 		
0x0092	0x00F1      	MOVWF      R1
;__Lib_Math.c,183 :: 		
0x0093	0x0878      	MOVF       R8, 0
;__Lib_Math.c,184 :: 		
0x0094	0x00F0      	MOVWF      R0
;__Lib_Math.c,187 :: 		
L_end_Mul_16X16_U:
0x0095	0x0008      	RETURN
; end of _Mul_16X16_U
_Mul_8X8_U:
;__Lib_Math.c,103 :: 		
;__Lib_Math.c,108 :: 		
0x0096	0x1283      	BCF        STATUS, 5
;__Lib_Math.c,109 :: 		
0x0097	0x1303      	BCF        STATUS, 6
;__Lib_Math.c,110 :: 		
0x0098	0x0870      	MOVF       R0, 0
;__Lib_Math.c,111 :: 		
0x0099	0x00F1      	MOVWF      R1
;__Lib_Math.c,112 :: 		
0x009A	0x01F0      	CLRF       R0
;__Lib_Math.c,113 :: 		
0x009B	0x3008      	MOVLW      8
;__Lib_Math.c,114 :: 		
0x009C	0x00FC      	MOVWF      R12
;__Lib_Math.c,115 :: 		
0x009D	0x0871      	MOVF       R1, 0
;__Lib_Math.c,116 :: 		
0x009E	0x0CF4      	RRF        R4, 1
;__Lib_Math.c,117 :: 		
0x009F	0x1803      	BTFSC      STATUS, 0
;__Lib_Math.c,118 :: 		
0x00A0	0x28A5      	GOTO       $+5
;__Lib_Math.c,119 :: 		
0x00A1	0x0BFC      	DECFSZ     R12, 1
;__Lib_Math.c,120 :: 		
0x00A2	0x289E      	GOTO       $-4
;__Lib_Math.c,121 :: 		
0x00A3	0x01F1      	CLRF       R1
;__Lib_Math.c,122 :: 		
0x00A4	0x3400      	RETLW      0
;__Lib_Math.c,123 :: 		
0x00A5	0x1003      	BCF        STATUS, 0
;__Lib_Math.c,124 :: 		
0x00A6	0x28AA      	GOTO       $+4
;__Lib_Math.c,125 :: 		
0x00A7	0x0CF4      	RRF        R4, 1
;__Lib_Math.c,126 :: 		
0x00A8	0x1803      	BTFSC      STATUS, 0
;__Lib_Math.c,127 :: 		
0x00A9	0x07F1      	ADDWF      R1, 1
;__Lib_Math.c,128 :: 		
0x00AA	0x0CF1      	RRF        R1, 1
;__Lib_Math.c,129 :: 		
0x00AB	0x0CF0      	RRF        R0, 1
;__Lib_Math.c,130 :: 		
0x00AC	0x0BFC      	DECFSZ     R12, 1
;__Lib_Math.c,131 :: 		
0x00AD	0x28A7      	GOTO       $-6
;__Lib_Math.c,133 :: 		
;__Lib_Math.c,134 :: 		
L_end_Mul_8X8_U:
0x00AE	0x0008      	RETURN
; end of _Mul_8X8_U
_NRM3232:
;__Lib_MathDouble.c,167 :: 		
;__Lib_MathDouble.c,173 :: 		
;__Lib_MathDouble.c,175 :: 		
0x00AF	0x01A0      	CLRF       __math_tempbD
;__Lib_MathDouble.c,176 :: 		
0x00B0	0x0872      	MOVF       R2, 0
;__Lib_MathDouble.c,177 :: 		
0x00B1	0x1D03      	BTFSS      STATUS, 2
;__Lib_MathDouble.c,178 :: 		
0x00B2	0x28C4      	GOTO       NORM3232
;__Lib_MathDouble.c,179 :: 		
0x00B3	0x0871      	MOVF       R1, 0
;__Lib_MathDouble.c,180 :: 		
0x00B4	0x00F2      	MOVWF      R2
;__Lib_MathDouble.c,181 :: 		
0x00B5	0x0870      	MOVF       R0, 0
;__Lib_MathDouble.c,182 :: 		
0x00B6	0x00F1      	MOVWF      R1
;__Lib_MathDouble.c,183 :: 		
0x00B7	0x01F0      	CLRF       R0
;__Lib_MathDouble.c,184 :: 		
0x00B8	0x15A0      	BSF        __math_tempbD, 3
;__Lib_MathDouble.c,186 :: 		
0x00B9	0x0872      	MOVF       R2, 0
;__Lib_MathDouble.c,187 :: 		
0x00BA	0x1D03      	BTFSS      STATUS, 2
;__Lib_MathDouble.c,188 :: 		
0x00BB	0x28C4      	GOTO       NORM3232
;__Lib_MathDouble.c,189 :: 		
0x00BC	0x0871      	MOVF       R1, 0
;__Lib_MathDouble.c,190 :: 		
0x00BD	0x00F2      	MOVWF      R2
;__Lib_MathDouble.c,191 :: 		
0x00BE	0x01F1      	CLRF       R1
;__Lib_MathDouble.c,192 :: 		
0x00BF	0x11A0      	BCF        __math_tempbD, 3
;__Lib_MathDouble.c,193 :: 		
0x00C0	0x1620      	BSF        __math_tempbD, 4
;__Lib_MathDouble.c,195 :: 		
0x00C1	0x0872      	MOVF       R2, 0
;__Lib_MathDouble.c,196 :: 		
0x00C2	0x1903      	BTFSC      STATUS, 2
;__Lib_MathDouble.c,197 :: 		
0x00C3	0x28D2      	GOTO       JPNRES032
;__Lib_MathDouble.c,198 :: 		
NORM3232:
;__Lib_MathDouble.c,199 :: 		
0x00C4	0x0820      	MOVF       __math_tempbD, 0
;__Lib_MathDouble.c,200 :: 		
0x00C5	0x02F3      	SUBWF      R3, 1
;__Lib_MathDouble.c,201 :: 		
0x00C6	0x1D03      	BTFSS      STATUS, 2
;__Lib_MathDouble.c,202 :: 		
0x00C7	0x1C03      	BTFSS      STATUS, 0
;__Lib_MathDouble.c,203 :: 		
0x00C8	0x28D6      	GOTO       JPNSETFUN32
;__Lib_MathDouble.c,204 :: 		
0x00C9	0x1003      	BCF        STATUS, 0
;__Lib_MathDouble.c,205 :: 		
NORM3232A:
;__Lib_MathDouble.c,206 :: 		
0x00CA	0x1BF2      	BTFSC      R2, 7
;__Lib_MathDouble.c,207 :: 		
0x00CB	0x28DA      	GOTO       JMPNFIXSIGN32
;__Lib_MathDouble.c,208 :: 		
0x00CC	0x0DF0      	RLF        R0, 1
;__Lib_MathDouble.c,209 :: 		
0x00CD	0x0DF1      	RLF        R1, 1
;__Lib_MathDouble.c,210 :: 		
0x00CE	0x0DF2      	RLF        R2, 1
;__Lib_MathDouble.c,211 :: 		
0x00CF	0x0BF3      	DECFSZ     R3, 1
;__Lib_MathDouble.c,212 :: 		
0x00D0	0x28CA      	GOTO       NORM3232A
;__Lib_MathDouble.c,213 :: 		
0x00D1	0x28D6      	GOTO       JPNSETFUN32
;__Lib_MathDouble.c,214 :: 		
JPNRES032:
;__Lib_MathDouble.c,215 :: 		
0x00D2	0x3001      	MOVLW      1
;__Lib_MathDouble.c,216 :: 		
0x00D3	0x00FC      	MOVWF      R12
;__Lib_MathDouble.c,218 :: 		
0x00D4	0x2023      	CALL       _RES032
;__Lib_MathDouble.c,220 :: 		
0x00D5	0x28DD      	GOTO       NORM32EEE
;__Lib_MathDouble.c,221 :: 		
JPNSETFUN32:
;__Lib_MathDouble.c,222 :: 		
0x00D6	0x3002      	MOVLW      2
;__Lib_MathDouble.c,223 :: 		
0x00D7	0x00FC      	MOVWF      R12
;__Lib_MathDouble.c,225 :: 		
0x00D8	0x202A      	CALL       _SETFUN32
;__Lib_MathDouble.c,227 :: 		
0x00D9	0x28DD      	GOTO       NORM32EEE
;__Lib_MathDouble.c,228 :: 		
JMPNFIXSIGN32:
;__Lib_MathDouble.c,229 :: 		
0x00DA	0x3004      	MOVLW      4
;__Lib_MathDouble.c,230 :: 		
0x00DB	0x00FC      	MOVWF      R12
;__Lib_MathDouble.c,232 :: 		
0x00DC	0x2036      	CALL       _FIXSIGN32
;__Lib_MathDouble.c,234 :: 		
NORM32EEE:
;__Lib_MathDouble.c,236 :: 		
L_end_NRM3232:
0x00DD	0x0008      	RETURN
; end of _NRM3232
_PWM_Software:
;Code_embedded.c,50 :: 		void PWM_Software(unsigned char duty_percent) {
;Code_embedded.c,51 :: 		PORTD = PORTD | MOTOR_ENABLE_MASK;                           // set RD0
0x00DE	0x1283      	BCF        STATUS, 5
0x00DF	0x1303      	BCF        STATUS, 6
0x00E0	0x082C      	MOVF       _MOTOR_ENABLE_MASK, 0
0x00E1	0x0488      	IORWF      PORTD, 1
;Code_embedded.c,52 :: 		Delay_us_New(duty_percent * 10);                 // ON time
0x00E2	0x0842      	MOVF       FARG_PWM_Software_duty_percent, 0
0x00E3	0x00F0      	MOVWF      R0
0x00E4	0x300A      	MOVLW      10
0x00E5	0x00F4      	MOVWF      R4
0x00E6	0x2096      	CALL       _Mul_8X8_U
0x00E7	0x0870      	MOVF       R0, 0
0x00E8	0x00C4      	MOVWF      FARG_Delay_us_New_us
0x00E9	0x0871      	MOVF       R0+1, 0
0x00EA	0x00C5      	MOVWF      FARG_Delay_us_New_us+1
0x00EB	0x203A      	CALL       _Delay_us_New
;Code_embedded.c,53 :: 		PORTD = PORTD & ~MOTOR_ENABLE_MASK;                          // clear RD0
0x00EC	0x1283      	BCF        STATUS, 5
0x00ED	0x1303      	BCF        STATUS, 6
0x00EE	0x092C      	COMF       _MOTOR_ENABLE_MASK, 0
0x00EF	0x00F0      	MOVWF      R0
0x00F0	0x0870      	MOVF       R0, 0
0x00F1	0x0588      	ANDWF      PORTD, 1
;Code_embedded.c,54 :: 		Delay_us_New((100 - duty_percent) * 10);         // OFF time
0x00F2	0x0842      	MOVF       FARG_PWM_Software_duty_percent, 0
0x00F3	0x3C64      	SUBLW      100
0x00F4	0x00F0      	MOVWF      R0
0x00F5	0x01F1      	CLRF       R0+1
0x00F6	0x1C03      	BTFSS      STATUS, 0
0x00F7	0x03F1      	DECF       R0+1, 1
0x00F8	0x300A      	MOVLW      10
0x00F9	0x00F4      	MOVWF      R4
0x00FA	0x3000      	MOVLW      0
0x00FB	0x00F5      	MOVWF      R4+1
0x00FC	0x206B      	CALL       _Mul_16X16_U
0x00FD	0x0870      	MOVF       R0, 0
0x00FE	0x00C4      	MOVWF      FARG_Delay_us_New_us
0x00FF	0x0871      	MOVF       R0+1, 0
0x0100	0x00C5      	MOVWF      FARG_Delay_us_New_us+1
0x0101	0x203A      	CALL       _Delay_us_New
;Code_embedded.c,55 :: 		}
L_end_PWM_Software:
0x0102	0x0008      	RETURN
; end of _PWM_Software
_servo_control:
;Code_embedded.c,67 :: 		void servo_control(unsigned char position) {
;Code_embedded.c,68 :: 		CCPR1L = position;     // 62–125 range
0x0103	0x1283      	BCF        STATUS, 5
0x0104	0x1303      	BCF        STATUS, 6
0x0105	0x0842      	MOVF       FARG_servo_control_position, 0
0x0106	0x0095      	MOVWF      CCPR1L
;Code_embedded.c,69 :: 		}
L_end_servo_control:
0x0107	0x0008      	RETURN
; end of _servo_control
_word2double:
;__Lib_MathDouble.c,1862 :: 		
;__Lib_MathDouble.c,1868 :: 		
0x0108	0x1283      	BCF        STATUS, 5
;__Lib_MathDouble.c,1869 :: 		
0x0109	0x1303      	BCF        STATUS, 6
;__Lib_MathDouble.c,1870 :: 		
0x010A	0x0870      	MOVF       R0, 0
;__Lib_MathDouble.c,1871 :: 		
0x010B	0x00F8      	MOVWF      R8
;__Lib_MathDouble.c,1872 :: 		
0x010C	0x0871      	MOVF       R1, 0
;__Lib_MathDouble.c,1873 :: 		
0x010D	0x00F0      	MOVWF      R0
;__Lib_MathDouble.c,1874 :: 		
0x010E	0x01F1      	CLRF       R1
;__Lib_MathDouble.c,1875 :: 		
0x010F	0x01F2      	CLRF       R2
;__Lib_MathDouble.c,1876 :: 		
0x0110	0x01F3      	CLRF       R3
;__Lib_MathDouble.c,1879 :: 		
0x0111	0x01FB      	CLRF       R11
;__Lib_MathDouble.c,1880 :: 		
0x0112	0x01FC      	CLRF       R12
;__Lib_MathDouble.c,1882 :: 		
0x0113	0x3096      	MOVLW      150
;__Lib_MathDouble.c,1883 :: 		
0x0114	0x00F3      	MOVWF      R3
;__Lib_MathDouble.c,1884 :: 		
0x0115	0x01FA      	CLRF       R10
;__Lib_MathDouble.c,1886 :: 		
0x0116	0x0870      	MOVF       R0, 0
;__Lib_MathDouble.c,1887 :: 		
0x0117	0x00F1      	MOVWF      R1
;__Lib_MathDouble.c,1888 :: 		
0x0118	0x0878      	MOVF       R8, 0
;__Lib_MathDouble.c,1889 :: 		
0x0119	0x00F0      	MOVWF      R0
;__Lib_MathDouble.c,1890 :: 		
0x011A	0x01F8      	CLRF       R8
;__Lib_MathDouble.c,1891 :: 		
0x011B	0x01F2      	CLRF       R2
;__Lib_MathDouble.c,1893 :: 		
0x011C	0x20AF      	CALL       _NRM3232
;__Lib_MathDouble.c,1894 :: 		
L_end_word2double:
0x011D	0x0008      	RETURN
; end of _word2double
_Compare_Double:
;__Lib_MathDouble.c,2053 :: 		
;__Lib_MathDouble.c,2062 :: 		
;__Lib_MathDouble.c,2064 :: 		
0x011E	0x1283      	BCF        STATUS, 5
;__Lib_MathDouble.c,2065 :: 		
0x011F	0x1303      	BCF        STATUS, 6
;__Lib_MathDouble.c,2067 :: 		
0x0120	0x01FA      	CLRF       R10
;__Lib_MathDouble.c,2068 :: 		
0x0121	0x0873      	MOVF       R3, 0
;__Lib_MathDouble.c,2069 :: 		
0x0122	0x1D03      	BTFSS      STATUS, 2
;__Lib_MathDouble.c,2070 :: 		
0x0123	0x147A      	BSF        R10, 0
;__Lib_MathDouble.c,2071 :: 		
0x0124	0x0877      	MOVF       R7, 0
;__Lib_MathDouble.c,2072 :: 		
0x0125	0x1D03      	BTFSS      STATUS, 2
;__Lib_MathDouble.c,2073 :: 		
0x0126	0x14FA      	BSF        R10, 1
;__Lib_MathDouble.c,2075 :: 		
0x0127	0x087A      	MOVF       R10, 0
;__Lib_MathDouble.c,2076 :: 		
0x0128	0x1903      	BTFSC      STATUS, 2
;__Lib_MathDouble.c,2077 :: 		
0x0129	0x296A      	GOTO       COMPARE_EQU
;__Lib_MathDouble.c,2078 :: 		
0x012A	0x3A03      	XORLW      3
;__Lib_MathDouble.c,2079 :: 		
0x012B	0x1903      	BTFSC      STATUS, 2
;__Lib_MathDouble.c,2080 :: 		
0x012C	0x2935      	GOTO       COMPARE_NOTZERO
;__Lib_MathDouble.c,2082 :: 		
0x012D	0x187A      	BTFSC      R10, 0
;__Lib_MathDouble.c,2083 :: 		
0x012E	0x2932      	GOTO       COMPARE_XNOTZERO
;__Lib_MathDouble.c,2085 :: 		
0x012F	0x1FF6      	BTFSS      R6, 7
;__Lib_MathDouble.c,2086 :: 		
0x0130	0x2968      	GOTO       COMPARE_LT
;__Lib_MathDouble.c,2087 :: 		
0x0131	0x2966      	GOTO       COMPARE_GT
;__Lib_MathDouble.c,2088 :: 		
COMPARE_XNOTZERO:
;__Lib_MathDouble.c,2089 :: 		
0x0132	0x1FF2      	BTFSS      R2, 7
;__Lib_MathDouble.c,2090 :: 		
0x0133	0x2966      	GOTO       COMPARE_GT
;__Lib_MathDouble.c,2091 :: 		
0x0134	0x2968      	GOTO       COMPARE_LT
;__Lib_MathDouble.c,2093 :: 		
COMPARE_NOTZERO:
;__Lib_MathDouble.c,2094 :: 		
0x0135	0x0872      	MOVF       R2, 0
;__Lib_MathDouble.c,2095 :: 		
0x0136	0x3980      	ANDLW      128
;__Lib_MathDouble.c,2096 :: 		
0x0137	0x00FA      	MOVWF      R10
;__Lib_MathDouble.c,2097 :: 		
0x0138	0x13F2      	BCF        R2, 7
;__Lib_MathDouble.c,2099 :: 		
0x0139	0x0876      	MOVF       R6, 0
;__Lib_MathDouble.c,2100 :: 		
0x013A	0x3980      	ANDLW      128
;__Lib_MathDouble.c,2101 :: 		
0x013B	0x13F6      	BCF        R6, 7
;__Lib_MathDouble.c,2103 :: 		
0x013C	0x067A      	XORWF      R10, 0
;__Lib_MathDouble.c,2104 :: 		
0x013D	0x1903      	BTFSC      STATUS, 2
;__Lib_MathDouble.c,2105 :: 		
0x013E	0x2943      	GOTO       COMPARE_TESTALL
;__Lib_MathDouble.c,2107 :: 		
0x013F	0x087A      	MOVF       R10, 0
;__Lib_MathDouble.c,2108 :: 		
0x0140	0x1903      	BTFSC      STATUS, 2
;__Lib_MathDouble.c,2109 :: 		
0x0141	0x2966      	GOTO       COMPARE_GT
;__Lib_MathDouble.c,2110 :: 		
0x0142	0x2968      	GOTO       COMPARE_LT
;__Lib_MathDouble.c,2112 :: 		
COMPARE_TESTALL:
;__Lib_MathDouble.c,2113 :: 		
0x0143	0x0877      	MOVF       R7, 0
;__Lib_MathDouble.c,2114 :: 		
0x0144	0x0273      	SUBWF      R3, 0
;__Lib_MathDouble.c,2115 :: 		
0x0145	0x1903      	BTFSC      STATUS, 2
;__Lib_MathDouble.c,2116 :: 		
0x0146	0x294A      	GOTO       COMPARE_C1
;__Lib_MathDouble.c,2117 :: 		
0x0147	0x1C03      	BTFSS      STATUS, 0
;__Lib_MathDouble.c,2118 :: 		
0x0148	0x295E      	GOTO       GT_FALSE
;__Lib_MathDouble.c,2119 :: 		
0x0149	0x2962      	GOTO       GT_TRUE
;__Lib_MathDouble.c,2120 :: 		
COMPARE_C1:
;__Lib_MathDouble.c,2121 :: 		
0x014A	0x0876      	MOVF       R6, 0
;__Lib_MathDouble.c,2122 :: 		
0x014B	0x0272      	SUBWF      R2, 0
;__Lib_MathDouble.c,2123 :: 		
0x014C	0x1903      	BTFSC      STATUS, 2
;__Lib_MathDouble.c,2124 :: 		
0x014D	0x2951      	GOTO       COMPARE_C2
;__Lib_MathDouble.c,2125 :: 		
0x014E	0x1C03      	BTFSS      STATUS, 0
;__Lib_MathDouble.c,2126 :: 		
0x014F	0x295E      	GOTO       GT_FALSE
;__Lib_MathDouble.c,2127 :: 		
0x0150	0x2962      	GOTO       GT_TRUE
;__Lib_MathDouble.c,2128 :: 		
COMPARE_C2:
;__Lib_MathDouble.c,2129 :: 		
0x0151	0x0875      	MOVF       R5, 0
;__Lib_MathDouble.c,2130 :: 		
0x0152	0x0271      	SUBWF      R1, 0
;__Lib_MathDouble.c,2131 :: 		
0x0153	0x1903      	BTFSC      STATUS, 2
;__Lib_MathDouble.c,2132 :: 		
0x0154	0x2958      	GOTO       COMPARE_C3
;__Lib_MathDouble.c,2133 :: 		
0x0155	0x1C03      	BTFSS      STATUS, 0
;__Lib_MathDouble.c,2134 :: 		
0x0156	0x295E      	GOTO       GT_FALSE
;__Lib_MathDouble.c,2135 :: 		
0x0157	0x2962      	GOTO       GT_TRUE
;__Lib_MathDouble.c,2136 :: 		
COMPARE_C3:
;__Lib_MathDouble.c,2137 :: 		
0x0158	0x0874      	MOVF       R4, 0
;__Lib_MathDouble.c,2138 :: 		
0x0159	0x0270      	SUBWF      R0, 0
;__Lib_MathDouble.c,2139 :: 		
0x015A	0x1903      	BTFSC      STATUS, 2
;__Lib_MathDouble.c,2140 :: 		
0x015B	0x296A      	GOTO       COMPARE_EQU
;__Lib_MathDouble.c,2141 :: 		
0x015C	0x1803      	BTFSC      STATUS, 0
;__Lib_MathDouble.c,2142 :: 		
0x015D	0x2962      	GOTO       GT_TRUE
;__Lib_MathDouble.c,2144 :: 		
GT_FALSE:
;__Lib_MathDouble.c,2145 :: 		
0x015E	0x08FA      	MOVF       R10, 1
;__Lib_MathDouble.c,2146 :: 		
0x015F	0x1903      	BTFSC      STATUS, 2
;__Lib_MathDouble.c,2147 :: 		
0x0160	0x2968      	GOTO       COMPARE_LT
;__Lib_MathDouble.c,2148 :: 		
0x0161	0x2966      	GOTO       COMPARE_GT
;__Lib_MathDouble.c,2149 :: 		
GT_TRUE:
;__Lib_MathDouble.c,2150 :: 		
0x0162	0x08FA      	MOVF       R10, 1
;__Lib_MathDouble.c,2151 :: 		
0x0163	0x1903      	BTFSC      STATUS, 2
;__Lib_MathDouble.c,2152 :: 		
0x0164	0x2966      	GOTO       COMPARE_GT
;__Lib_MathDouble.c,2153 :: 		
0x0165	0x2968      	GOTO       COMPARE_LT
;__Lib_MathDouble.c,2155 :: 		
COMPARE_GT:
;__Lib_MathDouble.c,2158 :: 		
0x0166	0x1403      	BSF        STATUS, 0
;__Lib_MathDouble.c,2159 :: 		
0x0167	0x0008      	RETURN
;__Lib_MathDouble.c,2160 :: 		
COMPARE_LT:
;__Lib_MathDouble.c,2163 :: 		
0x0168	0x1003      	BCF        STATUS, 0
;__Lib_MathDouble.c,2164 :: 		
0x0169	0x0008      	RETURN
;__Lib_MathDouble.c,2165 :: 		
COMPARE_EQU:
;__Lib_MathDouble.c,2168 :: 		
0x016A	0x1403      	BSF        STATUS, 0
;__Lib_MathDouble.c,2169 :: 		
0x016B	0x1503      	BSF        STATUS, 2
;__Lib_MathDouble.c,2170 :: 		
0x016C	0x0008      	RETURN
;__Lib_MathDouble.c,2172 :: 		
L_end_Compare_Double:
0x016D	0x0008      	RETURN
; end of _Compare_Double
_Read_ADC:
;Code_embedded.c,25 :: 		unsigned int Read_ADC(unsigned char channel) {
;Code_embedded.c,26 :: 		ADCON0 = 0b01000001 | (channel << 3);
0x016E	0x1283      	BCF        STATUS, 5
0x016F	0x1303      	BCF        STATUS, 6
0x0170	0x0842      	MOVF       FARG_Read_ADC_channel, 0
0x0171	0x00F0      	MOVWF      R0
0x0172	0x0DF0      	RLF        R0, 1
0x0173	0x1070      	BCF        R0, 0
0x0174	0x0DF0      	RLF        R0, 1
0x0175	0x1070      	BCF        R0, 0
0x0176	0x0DF0      	RLF        R0, 1
0x0177	0x1070      	BCF        R0, 0
0x0178	0x3041      	MOVLW      65
0x0179	0x0470      	IORWF      R0, 0
0x017A	0x009F      	MOVWF      ADCON0
;Code_embedded.c,27 :: 		Delay_ms(2);
0x017B	0x3006      	MOVLW      6
0x017C	0x00FC      	MOVWF      R12
0x017D	0x3030      	MOVLW      48
0x017E	0x00FD      	MOVWF      R13
L_Read_ADC0:
0x017F	0x0BFD      	DECFSZ     R13, 1
0x0180	0x297F      	GOTO       L_Read_ADC0
0x0181	0x0BFC      	DECFSZ     R12, 1
0x0182	0x297F      	GOTO       L_Read_ADC0
0x0183	0x0000      	NOP
;Code_embedded.c,28 :: 		ADCON0 = ADCON0 | 0x02;
0x0184	0x149F      	BSF        ADCON0, 1
;Code_embedded.c,29 :: 		while (ADCON0 & GO_DONE_MASK);
L_Read_ADC1:
0x0185	0x0822      	MOVF       _GO_DONE_MASK, 0
0x0186	0x051F      	ANDWF      ADCON0, 0
0x0187	0x00F0      	MOVWF      R0
0x0188	0x1903      	BTFSC      STATUS, 2
0x0189	0x298B      	GOTO       L_Read_ADC2
0x018A	0x2985      	GOTO       L_Read_ADC1
L_Read_ADC2:
;Code_embedded.c,30 :: 		return ((ADRESH << 8) + ADRESL);
0x018B	0x081E      	MOVF       ADRESH, 0
0x018C	0x00F1      	MOVWF      R0+1
0x018D	0x01F0      	CLRF       R0
0x018E	0x1683      	BSF        STATUS, 5
0x018F	0x081E      	MOVF       ADRESL, 0
0x0190	0x07F0      	ADDWF      R0, 1
0x0191	0x1803      	BTFSC      STATUS, 0
0x0192	0x0AF1      	INCF       R0+1, 1
;Code_embedded.c,31 :: 		}
L_end_Read_ADC:
0x0193	0x0008      	RETURN
; end of _Read_ADC
_CCPPWM_init:
;Code_embedded.c,58 :: 		void CCPPWM_init(void) {
;Code_embedded.c,59 :: 		T2CON   = 0b00000111;  // Timer2 on, Fosc/4, 1:16 prescaler
0x0194	0x3007      	MOVLW      7
0x0195	0x1283      	BCF        STATUS, 5
0x0196	0x1303      	BCF        STATUS, 6
0x0197	0x0092      	MOVWF      T2CON
;Code_embedded.c,60 :: 		CCP1CON = 0b00001100;  // PWM mode on CCP1 (RC2)
0x0198	0x300C      	MOVLW      12
0x0199	0x0097      	MOVWF      CCP1CON
;Code_embedded.c,61 :: 		PR2     = 250;         // ~20ms period at 8MHz
0x019A	0x30FA      	MOVLW      250
0x019B	0x1683      	BSF        STATUS, 5
0x019C	0x0092      	MOVWF      PR2
;Code_embedded.c,62 :: 		TRISC  = TRISC & ~SERVO_MASK; // RC2 output
0x019D	0x1283      	BCF        STATUS, 5
0x019E	0x092D      	COMF       _SERVO_MASK, 0
0x019F	0x00F0      	MOVWF      R0
0x01A0	0x0870      	MOVF       R0, 0
0x01A1	0x1683      	BSF        STATUS, 5
0x01A2	0x0587      	ANDWF      TRISC, 1
;Code_embedded.c,63 :: 		CCPR1L  = 62;          // 1ms pulse width default
0x01A3	0x303E      	MOVLW      62
0x01A4	0x1283      	BCF        STATUS, 5
0x01A5	0x0095      	MOVWF      CCPR1L
;Code_embedded.c,64 :: 		}
L_end_CCPPWM_init:
0x01A6	0x0008      	RETURN
; end of _CCPPWM_init
_Mul_32x32_FP:
;__Lib_MathDouble.c,610 :: 		
;__Lib_MathDouble.c,622 :: 		
;__Lib_MathDouble.c,624 :: 		
0x01A7	0x1283      	BCF        STATUS, 5
;__Lib_MathDouble.c,625 :: 		
0x01A8	0x1303      	BCF        STATUS, 6
;__Lib_MathDouble.c,627 :: 		
0x01A9	0x01FB      	CLRF       R11
;__Lib_MathDouble.c,628 :: 		
0x01AA	0x0873      	MOVF       R3, 0
;__Lib_MathDouble.c,629 :: 		
0x01AB	0x1D03      	BTFSS      STATUS, 2
;__Lib_MathDouble.c,630 :: 		
0x01AC	0x0877      	MOVF       R7, 0
;__Lib_MathDouble.c,631 :: 		
0x01AD	0x1903      	BTFSC      STATUS, 2
;__Lib_MathDouble.c,632 :: 		
0x01AE	0x29FE      	GOTO       JPMRES032
;__Lib_MathDouble.c,634 :: 		
0x01AF	0x0872      	MOVF       R2, 0
;__Lib_MathDouble.c,635 :: 		
0x01B0	0x0676      	XORWF      R6, 0
;__Lib_MathDouble.c,636 :: 		
0x01B1	0x00FA      	MOVWF      R10
;__Lib_MathDouble.c,637 :: 		
0x01B2	0x0877      	MOVF       R7, 0
;__Lib_MathDouble.c,638 :: 		
0x01B3	0x07F3      	ADDWF      R3, 1
;__Lib_MathDouble.c,639 :: 		
0x01B4	0x307E      	MOVLW      126
;__Lib_MathDouble.c,640 :: 		
0x01B5	0x1C03      	BTFSS      STATUS, 0
;__Lib_MathDouble.c,641 :: 		
0x01B6	0x29BB      	GOTO       MTUN32
;__Lib_MathDouble.c,642 :: 		
0x01B7	0x02F3      	SUBWF      R3, 1
;__Lib_MathDouble.c,643 :: 		
0x01B8	0x1803      	BTFSC      STATUS, 0
;__Lib_MathDouble.c,644 :: 		
0x01B9	0x2A01      	GOTO       JPMSETFOV32
;__Lib_MathDouble.c,645 :: 		
0x01BA	0x29BE      	GOTO       MOK32
;__Lib_MathDouble.c,646 :: 		
MTUN32:
;__Lib_MathDouble.c,647 :: 		
0x01BB	0x02F3      	SUBWF      R3, 1
;__Lib_MathDouble.c,648 :: 		
0x01BC	0x1C03      	BTFSS      STATUS, 0
;__Lib_MathDouble.c,649 :: 		
0x01BD	0x2A04      	GOTO       JPMSETFUN32
;__Lib_MathDouble.c,650 :: 		
MOK32:
;__Lib_MathDouble.c,651 :: 		
0x01BE	0x0872      	MOVF       R2, 0
;__Lib_MathDouble.c,652 :: 		
0x01BF	0x00F8      	MOVWF      R8
;__Lib_MathDouble.c,653 :: 		
0x01C0	0x0871      	MOVF       R1, 0
;__Lib_MathDouble.c,654 :: 		
0x01C1	0x00FC      	MOVWF      R12
;__Lib_MathDouble.c,655 :: 		
0x01C2	0x0870      	MOVF       R0, 0
;__Lib_MathDouble.c,656 :: 		
0x01C3	0x00FD      	MOVWF      R13
;__Lib_MathDouble.c,657 :: 		
0x01C4	0x17F8      	BSF        R8, 7
;__Lib_MathDouble.c,658 :: 		
0x01C5	0x17F6      	BSF        R6, 7
;__Lib_MathDouble.c,659 :: 		
0x01C6	0x1003      	BCF        STATUS, 0
;__Lib_MathDouble.c,660 :: 		
0x01C7	0x01F2      	CLRF       R2
;__Lib_MathDouble.c,661 :: 		
0x01C8	0x01F1      	CLRF       R1
;__Lib_MathDouble.c,662 :: 		
0x01C9	0x01F0      	CLRF       R0
;__Lib_MathDouble.c,663 :: 		
0x01CA	0x3018      	MOVLW      24
;__Lib_MathDouble.c,664 :: 		
0x01CB	0x00A0      	MOVWF      __math_tempbD
;__Lib_MathDouble.c,665 :: 		
MLOOP32:
;__Lib_MathDouble.c,666 :: 		
0x01CC	0x1C7D      	BTFSS      R13, 0
;__Lib_MathDouble.c,667 :: 		
0x01CD	0x29D8      	GOTO       MNOADD32
;__Lib_MathDouble.c,669 :: 		
0x01CE	0x0874      	MOVF       R4, 0
;__Lib_MathDouble.c,670 :: 		
0x01CF	0x07F0      	ADDWF      R0, 1
;__Lib_MathDouble.c,671 :: 		
0x01D0	0x0875      	MOVF       R5, 0
;__Lib_MathDouble.c,672 :: 		
0x01D1	0x1803      	BTFSC      STATUS, 0
;__Lib_MathDouble.c,673 :: 		
0x01D2	0x0F75      	INCFSZ     R5, 0
;__Lib_MathDouble.c,674 :: 		
0x01D3	0x07F1      	ADDWF      R1, 1
;__Lib_MathDouble.c,675 :: 		
0x01D4	0x0876      	MOVF       R6, 0
;__Lib_MathDouble.c,676 :: 		
0x01D5	0x1803      	BTFSC      STATUS, 0
;__Lib_MathDouble.c,677 :: 		
0x01D6	0x0F76      	INCFSZ     R6, 0
;__Lib_MathDouble.c,678 :: 		
0x01D7	0x07F2      	ADDWF      R2, 1
;__Lib_MathDouble.c,679 :: 		
MNOADD32:
;__Lib_MathDouble.c,680 :: 		
0x01D8	0x0CF2      	RRF        R2, 1
;__Lib_MathDouble.c,681 :: 		
0x01D9	0x0CF1      	RRF        R1, 1
;__Lib_MathDouble.c,682 :: 		
0x01DA	0x0CF0      	RRF        R0, 1
;__Lib_MathDouble.c,683 :: 		
0x01DB	0x0CF8      	RRF        R8, 1
;__Lib_MathDouble.c,684 :: 		
0x01DC	0x0CFC      	RRF        R12, 1
;__Lib_MathDouble.c,685 :: 		
0x01DD	0x0CFD      	RRF        R13, 1
;__Lib_MathDouble.c,686 :: 		
0x01DE	0x1003      	BCF        STATUS, 0
;__Lib_MathDouble.c,687 :: 		
0x01DF	0x0BA0      	DECFSZ     __math_tempbD, 1
;__Lib_MathDouble.c,688 :: 		
0x01E0	0x29CC      	GOTO       MLOOP32
;__Lib_MathDouble.c,689 :: 		
0x01E1	0x1BF2      	BTFSC      R2, 7
;__Lib_MathDouble.c,690 :: 		
0x01E2	0x29E8      	GOTO       MROUND32
;__Lib_MathDouble.c,691 :: 		
0x01E3	0x0DF8      	RLF        R8, 1
;__Lib_MathDouble.c,692 :: 		
0x01E4	0x0DF0      	RLF        R0, 1
;__Lib_MathDouble.c,693 :: 		
0x01E5	0x0DF1      	RLF        R1, 1
;__Lib_MathDouble.c,694 :: 		
0x01E6	0x0DF2      	RLF        R2, 1
;__Lib_MathDouble.c,695 :: 		
0x01E7	0x03F3      	DECF       R3, 1
;__Lib_MathDouble.c,696 :: 		
MROUND32:
;__Lib_MathDouble.c,697 :: 		
0x01E8	0x1B7B      	BTFSC      R11, 6
;__Lib_MathDouble.c,698 :: 		
0x01E9	0x1C70      	BTFSS      R0, 0
;__Lib_MathDouble.c,699 :: 		
0x01EA	0x29FA      	GOTO       MUL32OK
;__Lib_MathDouble.c,700 :: 		
0x01EB	0x1FF8      	BTFSS      R8, 7
;__Lib_MathDouble.c,701 :: 		
0x01EC	0x29FA      	GOTO       MUL32OK
;__Lib_MathDouble.c,702 :: 		
0x01ED	0x0AF0      	INCF       R0, 1
;__Lib_MathDouble.c,703 :: 		
0x01EE	0x1903      	BTFSC      STATUS, 2
;__Lib_MathDouble.c,704 :: 		
0x01EF	0x0AF1      	INCF       R1, 1
;__Lib_MathDouble.c,705 :: 		
0x01F0	0x1903      	BTFSC      STATUS, 2
;__Lib_MathDouble.c,706 :: 		
0x01F1	0x0AF2      	INCF       R2, 1
;__Lib_MathDouble.c,707 :: 		
0x01F2	0x1D03      	BTFSS      STATUS, 2
;__Lib_MathDouble.c,708 :: 		
0x01F3	0x29FA      	GOTO       MUL32OK
;__Lib_MathDouble.c,709 :: 		
0x01F4	0x0CF2      	RRF        R2, 1
;__Lib_MathDouble.c,710 :: 		
0x01F5	0x0CF1      	RRF        R1, 1
;__Lib_MathDouble.c,711 :: 		
0x01F6	0x0CF0      	RRF        R0, 1
;__Lib_MathDouble.c,712 :: 		
0x01F7	0x0AF3      	INCF       R3, 1
;__Lib_MathDouble.c,713 :: 		
0x01F8	0x1903      	BTFSC      STATUS, 2
;__Lib_MathDouble.c,714 :: 		
0x01F9	0x2A01      	GOTO       JPMSETFOV32
;__Lib_MathDouble.c,715 :: 		
MUL32OK:
;__Lib_MathDouble.c,716 :: 		
0x01FA	0x1FFA      	BTFSS      R10, 7
;__Lib_MathDouble.c,717 :: 		
0x01FB	0x13F2      	BCF        R2, 7
;__Lib_MathDouble.c,718 :: 		
0x01FC	0x3000      	MOVLW      0
;__Lib_MathDouble.c,720 :: 		
0x01FD	0x2A06      	GOTO       MUL32EEE
;__Lib_MathDouble.c,721 :: 		
JPMRES032:
;__Lib_MathDouble.c,722 :: 		
0x01FE	0x3001      	MOVLW      1
;__Lib_MathDouble.c,725 :: 		
0x01FF	0x2023      	CALL       _RES032
;__Lib_MathDouble.c,727 :: 		
0x0200	0x2A06      	GOTO       MUL32EEE
;__Lib_MathDouble.c,728 :: 		
JPMSETFOV32:
;__Lib_MathDouble.c,729 :: 		
0x0201	0x3002      	MOVLW      2
;__Lib_MathDouble.c,732 :: 		
0x0202	0x205F      	CALL       _SETFOV32
;__Lib_MathDouble.c,734 :: 		
0x0203	0x2A06      	GOTO       MUL32EEE
;__Lib_MathDouble.c,735 :: 		
JPMSETFUN32:
;__Lib_MathDouble.c,736 :: 		
0x0204	0x3004      	MOVLW      4
;__Lib_MathDouble.c,739 :: 		
0x0205	0x202A      	CALL       _SETFUN32
;__Lib_MathDouble.c,741 :: 		
MUL32EEE:
;__Lib_MathDouble.c,742 :: 		
0x0206	0x0000      	NOP
;__Lib_MathDouble.c,749 :: 		
L_end_Mul_32x32_FP:
0x0207	0x0008      	RETURN
; end of _Mul_32x32_FP
_Delay_ms_New:
;Code_embedded.c,43 :: 		void Delay_ms_New(unsigned int ms) {
;Code_embedded.c,44 :: 		while (ms--) {
L_Delay_ms_New8:
0x0208	0x1283      	BCF        STATUS, 5
0x0209	0x1303      	BCF        STATUS, 6
0x020A	0x0842      	MOVF       FARG_Delay_ms_New_ms, 0
0x020B	0x00F0      	MOVWF      R0
0x020C	0x0843      	MOVF       FARG_Delay_ms_New_ms+1, 0
0x020D	0x00F1      	MOVWF      R0+1
0x020E	0x3001      	MOVLW      1
0x020F	0x02C2      	SUBWF      FARG_Delay_ms_New_ms, 1
0x0210	0x1C03      	BTFSS      STATUS, 0
0x0211	0x03C3      	DECF       FARG_Delay_ms_New_ms+1, 1
0x0212	0x0870      	MOVF       R0, 0
0x0213	0x0471      	IORWF      R0+1, 0
0x0214	0x1903      	BTFSC      STATUS, 2
0x0215	0x2A1C      	GOTO       L_Delay_ms_New9
;Code_embedded.c,45 :: 		Delay_us_New(1000);
0x0216	0x30E8      	MOVLW      232
0x0217	0x00C4      	MOVWF      FARG_Delay_us_New_us
0x0218	0x3003      	MOVLW      3
0x0219	0x00C5      	MOVWF      FARG_Delay_us_New_us+1
0x021A	0x203A      	CALL       _Delay_us_New
;Code_embedded.c,46 :: 		}
0x021B	0x2A08      	GOTO       L_Delay_ms_New8
L_Delay_ms_New9:
;Code_embedded.c,47 :: 		}
L_end_Delay_ms_New:
0x021C	0x0008      	RETURN
; end of _Delay_ms_New
___CC2DW:
;__Lib_System.c,134 :: 		
;__Lib_System.c,137 :: 		
_CC2D_Loop1:
;__Lib_System.c,139 :: 		
0x021D	0x2058      	CALL       _____DoICP
0x021E	0x118A      	BCF        PCLATH, 3
0x021F	0x120A      	BCF        PCLATH, 4
;__Lib_System.c,141 :: 		
0x0220	0x0080      	MOVWF      INDF
;__Lib_System.c,142 :: 		
0x0221	0x0A84      	INCF       FSR, 1
;__Lib_System.c,143 :: 		
0x0222	0x0AB8      	INCF       ___DoICPAddr, 1
;__Lib_System.c,145 :: 		
0x0223	0x1903      	BTFSC      STATUS, 2
;__Lib_System.c,146 :: 		
0x0224	0x0AB9      	INCF       ___DoICPAddr+1, 1
;__Lib_System.c,147 :: 		
0x0225	0x03F0      	DECF       R0, 1
;__Lib_System.c,149 :: 		
0x0226	0x1D03      	BTFSS      STATUS, 2
;__Lib_System.c,150 :: 		
0x0227	0x2A1D      	GOTO       _CC2D_Loop1
;__Lib_System.c,152 :: 		
L_end___CC2DW:
0x0228	0x0008      	RETURN
; end of ___CC2DW
_main:
0x0229	0x3002      	MOVLW      2
0x022A	0x1283      	BCF        STATUS, 5
0x022B	0x1303      	BCF        STATUS, 6
0x022C	0x00A2      	MOVWF      _GO_DONE_MASK
0x022D	0x3047      	MOVLW      71
0x022E	0x00A3      	MOVWF      _TH_5CM
0x022F	0x3002      	MOVLW      2
0x0230	0x00A4      	MOVWF      36
0x0231	0x3008      	MOVLW      8
0x0232	0x00A5      	MOVWF      _FLAME_SENSOR_MASK
0x0233	0x3020      	MOVLW      32
0x0234	0x00A6      	MOVWF      _LED2_MASK
0x0235	0x3010      	MOVLW      16
0x0236	0x00A7      	MOVWF      _LED1_MASK
0x0237	0x30DA      	MOVLW      218
0x0238	0x00A8      	MOVWF      _TH_15CM
0x0239	0x3006      	MOVLW      6
0x023A	0x00A9      	MOVWF      41
0x023B	0x308F      	MOVLW      143
0x023C	0x00AA      	MOVWF      _TH_10CM
0x023D	0x3004      	MOVLW      4
0x023E	0x00AB      	MOVWF      43
0x023F	0x3001      	MOVLW      1
0x0240	0x00AC      	MOVWF      _MOTOR_ENABLE_MASK
0x0241	0x3004      	MOVLW      4
0x0242	0x00AD      	MOVWF      _SERVO_MASK
0x0243	0x3040      	MOVLW      64
0x0244	0x00AE      	MOVWF      _LED3_MASK
0x0245	0x3002      	MOVLW      2
0x0246	0x00AF      	MOVWF      _IR_LED1_MASK
0x0247	0x3001      	MOVLW      1
0x0248	0x00B0      	MOVWF      _IR_SENSOR_MASK
0x0249	0x3004      	MOVLW      4
0x024A	0x00B1      	MOVWF      _IR_LED2_MASK
0x024B	0x3004      	MOVLW      4
0x024C	0x00B2      	MOVWF      _IN2_MASK
0x024D	0x3002      	MOVLW      2
0x024E	0x00B3      	MOVWF      _IN1_MASK
0x024F	0x3002      	MOVLW      2
0x0250	0x00B4      	MOVWF      _TRIG_MASK
0x0251	0x3004      	MOVLW      4
0x0252	0x00B5      	MOVWF      _ECHO_MASK
0x0253	0x3001      	MOVLW      1
0x0254	0x00B6      	MOVWF      _FLAME_LED_MASK
0x0255	0x3001      	MOVLW      1
0x0256	0x00B7      	MOVWF      _BUZZER_MASK
;Code_embedded.c,89 :: 		void main() {
;Code_embedded.c,90 :: 		unsigned char duty = 70;    // PWM duty percent
0x0257	0x3046      	MOVLW      70
0x0258	0x00C1      	MOVWF      main_duty_L0
;Code_embedded.c,97 :: 		CMCON  = 0b00000111;
0x0259	0x3007      	MOVLW      7
0x025A	0x1683      	BSF        STATUS, 5
0x025B	0x009C      	MOVWF      CMCON
;Code_embedded.c,98 :: 		ADCON1 = 0b10000000;
0x025C	0x3080      	MOVLW      128
0x025D	0x009F      	MOVWF      ADCON1
;Code_embedded.c,101 :: 		TRISA = TRISA | 0b00000001;                                   // RA0 input (LM35)
0x025E	0x1405      	BSF        TRISA, 0
;Code_embedded.c,102 :: 		TRISD = TRISD & 0b11111000;                                  // RD0–RD2 outputs
0x025F	0x30F8      	MOVLW      248
0x0260	0x0588      	ANDWF      TRISD, 1
;Code_embedded.c,103 :: 		TRISD = (TRISD | FLAME_SENSOR_MASK) & ~(LED1_MASK|LED2_MASK|LED3_MASK);
0x0261	0x1283      	BCF        STATUS, 5
0x0262	0x0825      	MOVF       _FLAME_SENSOR_MASK, 0
0x0263	0x1683      	BSF        STATUS, 5
0x0264	0x0408      	IORWF      TRISD, 0
0x0265	0x00F1      	MOVWF      R1
0x0266	0x1283      	BCF        STATUS, 5
0x0267	0x0826      	MOVF       _LED2_MASK, 0
0x0268	0x0427      	IORWF      _LED1_MASK, 0
0x0269	0x00F0      	MOVWF      R0
0x026A	0x082E      	MOVF       _LED3_MASK, 0
0x026B	0x04F0      	IORWF      R0, 1
0x026C	0x09F0      	COMF       R0, 1
0x026D	0x0870      	MOVF       R0, 0
0x026E	0x0571      	ANDWF      R1, 0
0x026F	0x1683      	BSF        STATUS, 5
0x0270	0x0088      	MOVWF      TRISD
;Code_embedded.c,104 :: 		TRISB = (TRISB & ~TRIG_MASK) | ECHO_MASK;              // TRIG out, ECHO in
0x0271	0x1283      	BCF        STATUS, 5
0x0272	0x0934      	COMF       _TRIG_MASK, 0
0x0273	0x00F5      	MOVWF      R5
0x0274	0x0875      	MOVF       R5, 0
0x0275	0x1683      	BSF        STATUS, 5
0x0276	0x0506      	ANDWF      TRISB, 0
0x0277	0x00F0      	MOVWF      R0
0x0278	0x1283      	BCF        STATUS, 5
0x0279	0x0835      	MOVF       _ECHO_MASK, 0
0x027A	0x0470      	IORWF      R0, 0
0x027B	0x1683      	BSF        STATUS, 5
0x027C	0x0086      	MOVWF      TRISB
;Code_embedded.c,105 :: 		TRISE = TRISE & ~BUZZER_MASK;                                 // RE0 output (buzzer)
0x027D	0x1283      	BCF        STATUS, 5
0x027E	0x0937      	COMF       _BUZZER_MASK, 0
0x027F	0x00F4      	MOVWF      R4
0x0280	0x0874      	MOVF       R4, 0
0x0281	0x1683      	BSF        STATUS, 5
0x0282	0x0589      	ANDWF      TRISE, 1
;Code_embedded.c,106 :: 		TRISC = TRISC & ~FLAME_LED_MASK;                              // RC0 output (flame LED)
0x0283	0x1283      	BCF        STATUS, 5
0x0284	0x0936      	COMF       _FLAME_LED_MASK, 0
0x0285	0x00F3      	MOVWF      R3
0x0286	0x0873      	MOVF       R3, 0
0x0287	0x1683      	BSF        STATUS, 5
0x0288	0x0587      	ANDWF      TRISC, 1
;Code_embedded.c,107 :: 		TRISB = TRISB | IR_SENSOR_MASK;                               // RB0 input (IR)
0x0289	0x1283      	BCF        STATUS, 5
0x028A	0x0830      	MOVF       _IR_SENSOR_MASK, 0
0x028B	0x1683      	BSF        STATUS, 5
0x028C	0x0486      	IORWF      TRISB, 1
;Code_embedded.c,108 :: 		TRISC = TRISC & ~SERVO_MASK;                                  // RC2 output (servo PWM)
0x028D	0x1283      	BCF        STATUS, 5
0x028E	0x092D      	COMF       _SERVO_MASK, 0
0x028F	0x00F0      	MOVWF      R0
0x0290	0x0870      	MOVF       R0, 0
0x0291	0x1683      	BSF        STATUS, 5
0x0292	0x0587      	ANDWF      TRISC, 1
;Code_embedded.c,109 :: 		TRISE = TRISE & ~(IR_LED1_MASK | IR_LED2_MASK);  // RE1, RE2 outputs for IR-indicator LEDs
0x0293	0x1283      	BCF        STATUS, 5
0x0294	0x0831      	MOVF       _IR_LED2_MASK, 0
0x0295	0x042F      	IORWF      _IR_LED1_MASK, 0
0x0296	0x00F0      	MOVWF      R0
0x0297	0x0970      	COMF       R0, 0
0x0298	0x00F2      	MOVWF      R2
0x0299	0x0872      	MOVF       R2, 0
0x029A	0x1683      	BSF        STATUS, 5
0x029B	0x0589      	ANDWF      TRISE, 1
;Code_embedded.c,113 :: 		PORTD = (PORTD | IN1_MASK) & ~IN2_MASK;                // motor IN1=1, IN2=0
0x029C	0x1283      	BCF        STATUS, 5
0x029D	0x0833      	MOVF       _IN1_MASK, 0
0x029E	0x0408      	IORWF      PORTD, 0
0x029F	0x00F1      	MOVWF      R1
0x02A0	0x0932      	COMF       _IN2_MASK, 0
0x02A1	0x00F0      	MOVWF      R0
0x02A2	0x0870      	MOVF       R0, 0
0x02A3	0x0571      	ANDWF      R1, 0
0x02A4	0x0088      	MOVWF      PORTD
;Code_embedded.c,114 :: 		PORTB = PORTB & ~TRIG_MASK;
0x02A5	0x0875      	MOVF       R5, 0
0x02A6	0x0586      	ANDWF      PORTB, 1
;Code_embedded.c,115 :: 		PORTE = PORTE & ~BUZZER_MASK;
0x02A7	0x0874      	MOVF       R4, 0
0x02A8	0x0589      	ANDWF      PORTE, 1
;Code_embedded.c,116 :: 		PORTC = PORTC & ~FLAME_LED_MASK;
0x02A9	0x0873      	MOVF       R3, 0
0x02AA	0x0587      	ANDWF      PORTC, 1
;Code_embedded.c,117 :: 		PORTE = PORTE & ~(IR_LED1_MASK | IR_LED2_MASK);  // make sure IR LEDs start off
0x02AB	0x0872      	MOVF       R2, 0
0x02AC	0x0589      	ANDWF      PORTE, 1
;Code_embedded.c,121 :: 		Delay_ms_New(50);
0x02AD	0x3032      	MOVLW      50
0x02AE	0x00C2      	MOVWF      FARG_Delay_ms_New_ms
0x02AF	0x3000      	MOVLW      0
0x02B0	0x00C3      	MOVWF      FARG_Delay_ms_New_ms+1
0x02B1	0x2208      	CALL       _Delay_ms_New
;Code_embedded.c,122 :: 		CCPPWM_init();
0x02B2	0x2194      	CALL       _CCPPWM_init
;Code_embedded.c,125 :: 		flameDetected = 0;                                     // clear flag
0x02B3	0x01BA      	CLRF       _flameDetected
;Code_embedded.c,126 :: 		OPTION_REG = 0b00000111;  // prescaler 1:256 on TMR0
0x02B4	0x3007      	MOVLW      7
0x02B5	0x1683      	BSF        STATUS, 5
0x02B6	0x0081      	MOVWF      OPTION_REG
;Code_embedded.c,127 :: 		TMR0       = 6;           // preload
0x02B7	0x3006      	MOVLW      6
0x02B8	0x1283      	BCF        STATUS, 5
0x02B9	0x0081      	MOVWF      TMR0
;Code_embedded.c,128 :: 		INTCON = INTCON | 0b00010000;          // enable TMR0 interrupt
0x02BA	0x160B      	BSF        INTCON, 4
;Code_embedded.c,129 :: 		INTCON = INTCON | 0b10000000;         // global interrupts
0x02BB	0x178B      	BSF        INTCON, 7
;Code_embedded.c,132 :: 		while (1) {
L_main12:
0x02BC	0x1283      	BCF        STATUS, 5
0x02BD	0x1303      	BCF        STATUS, 6
;Code_embedded.c,134 :: 		if (flameDetected) {
0x02BE	0x083A      	MOVF       _flameDetected, 0
0x02BF	0x1903      	BTFSC      STATUS, 2
0x02C0	0x2AD5      	GOTO       L_main14
;Code_embedded.c,135 :: 		PORTE = PORTE | BUZZER_MASK;      // buzzer on
0x02C1	0x0837      	MOVF       _BUZZER_MASK, 0
0x02C2	0x0489      	IORWF      PORTE, 1
;Code_embedded.c,136 :: 		PORTC = PORTC | FLAME_LED_MASK;   // flame LED on
0x02C3	0x0836      	MOVF       _FLAME_LED_MASK, 0
0x02C4	0x0487      	IORWF      PORTC, 1
;Code_embedded.c,138 :: 		while (PORTD & FLAME_SENSOR_MASK);
L_main15:
0x02C5	0x0825      	MOVF       _FLAME_SENSOR_MASK, 0
0x02C6	0x0508      	ANDWF      PORTD, 0
0x02C7	0x00F0      	MOVWF      R0
0x02C8	0x1903      	BTFSC      STATUS, 2
0x02C9	0x2ACB      	GOTO       L_main16
0x02CA	0x2AC5      	GOTO       L_main15
L_main16:
;Code_embedded.c,140 :: 		PORTE = PORTE & ~BUZZER_MASK;
0x02CB	0x0937      	COMF       _BUZZER_MASK, 0
0x02CC	0x00F0      	MOVWF      R0
0x02CD	0x0870      	MOVF       R0, 0
0x02CE	0x0589      	ANDWF      PORTE, 1
;Code_embedded.c,141 :: 		PORTC = PORTC & ~FLAME_LED_MASK;
0x02CF	0x0936      	COMF       _FLAME_LED_MASK, 0
0x02D0	0x00F0      	MOVWF      R0
0x02D1	0x0870      	MOVF       R0, 0
0x02D2	0x0587      	ANDWF      PORTC, 1
;Code_embedded.c,142 :: 		flameDetected = 0;
0x02D3	0x01BA      	CLRF       _flameDetected
;Code_embedded.c,143 :: 		continue;                  // skip normal routine this pass
0x02D4	0x2ABC      	GOTO       L_main12
;Code_embedded.c,144 :: 		}
L_main14:
;Code_embedded.c,147 :: 		PORTB = PORTB & ~TRIG_MASK; Delay_us_New(2);
0x02D5	0x0934      	COMF       _TRIG_MASK, 0
0x02D6	0x00F0      	MOVWF      R0
0x02D7	0x0870      	MOVF       R0, 0
0x02D8	0x0586      	ANDWF      PORTB, 1
0x02D9	0x3002      	MOVLW      2
0x02DA	0x00C4      	MOVWF      FARG_Delay_us_New_us
0x02DB	0x3000      	MOVLW      0
0x02DC	0x00C5      	MOVWF      FARG_Delay_us_New_us+1
0x02DD	0x203A      	CALL       _Delay_us_New
;Code_embedded.c,148 :: 		PORTB = PORTB | TRIG_MASK; Delay_us_New(10);
0x02DE	0x1283      	BCF        STATUS, 5
0x02DF	0x1303      	BCF        STATUS, 6
0x02E0	0x0834      	MOVF       _TRIG_MASK, 0
0x02E1	0x0486      	IORWF      PORTB, 1
0x02E2	0x300A      	MOVLW      10
0x02E3	0x00C4      	MOVWF      FARG_Delay_us_New_us
0x02E4	0x3000      	MOVLW      0
0x02E5	0x00C5      	MOVWF      FARG_Delay_us_New_us+1
0x02E6	0x203A      	CALL       _Delay_us_New
;Code_embedded.c,149 :: 		PORTB = PORTB & ~TRIG_MASK;
0x02E7	0x1283      	BCF        STATUS, 5
0x02E8	0x1303      	BCF        STATUS, 6
0x02E9	0x0934      	COMF       _TRIG_MASK, 0
0x02EA	0x00F0      	MOVWF      R0
0x02EB	0x0870      	MOVF       R0, 0
0x02EC	0x0586      	ANDWF      PORTB, 1
;Code_embedded.c,151 :: 		while (!(PORTB & ECHO_MASK));
L_main17:
0x02ED	0x0835      	MOVF       _ECHO_MASK, 0
0x02EE	0x0506      	ANDWF      PORTB, 0
0x02EF	0x00F0      	MOVWF      R0
0x02F0	0x1D03      	BTFSS      STATUS, 2
0x02F1	0x2AF3      	GOTO       L_main18
0x02F2	0x2AED      	GOTO       L_main17
L_main18:
;Code_embedded.c,152 :: 		TMR1H = 0; TMR1L = 0;
0x02F3	0x018F      	CLRF       TMR1H
0x02F4	0x018E      	CLRF       TMR1L
;Code_embedded.c,153 :: 		T1CON = 0b00000001;           // start Timer1
0x02F5	0x3001      	MOVLW      1
0x02F6	0x0090      	MOVWF      T1CON
;Code_embedded.c,154 :: 		while (PORTB & ECHO_MASK);
L_main19:
0x02F7	0x0835      	MOVF       _ECHO_MASK, 0
0x02F8	0x0506      	ANDWF      PORTB, 0
0x02F9	0x00F0      	MOVWF      R0
0x02FA	0x1903      	BTFSC      STATUS, 2
0x02FB	0x2AFD      	GOTO       L_main20
0x02FC	0x2AF7      	GOTO       L_main19
L_main20:
;Code_embedded.c,155 :: 		T1CON = T1CON & 0b11111110;                 // stop Timer1
0x02FD	0x30FE      	MOVLW      254
0x02FE	0x0590      	ANDWF      T1CON, 1
;Code_embedded.c,156 :: 		tcount = (TMR1H << 8) | TMR1L;
0x02FF	0x080F      	MOVF       TMR1H, 0
0x0300	0x00F1      	MOVWF      R0+1
0x0301	0x01F0      	CLRF       R0
0x0302	0x080E      	MOVF       TMR1L, 0
0x0303	0x0470      	IORWF      R0, 0
0x0304	0x00F2      	MOVWF      R2
0x0305	0x0871      	MOVF       R0+1, 0
0x0306	0x00F3      	MOVWF      R2+1
0x0307	0x3000      	MOVLW      0
0x0308	0x04F3      	IORWF      R2+1, 1
0x0309	0x0872      	MOVF       R2, 0
0x030A	0x00BE      	MOVWF      main_tcount_L0
0x030B	0x0873      	MOVF       R2+1, 0
0x030C	0x00BF      	MOVWF      main_tcount_L0+1
;Code_embedded.c,158 :: 		if (tcount < TH_5CM) {
0x030D	0x0824      	MOVF       _TH_5CM+1, 0
0x030E	0x0273      	SUBWF      R2+1, 0
0x030F	0x1D03      	BTFSS      STATUS, 2
0x0310	0x2B13      	GOTO       L__main44
0x0311	0x0823      	MOVF       _TH_5CM, 0
0x0312	0x0272      	SUBWF      R2, 0
L__main44:
0x0313	0x1803      	BTFSC      STATUS, 0
0x0314	0x2B1D      	GOTO       L_main21
;Code_embedded.c,159 :: 		PORTD = PORTD  | (LED1_MASK | LED2_MASK | LED3_MASK);
0x0315	0x0826      	MOVF       _LED2_MASK, 0
0x0316	0x0427      	IORWF      _LED1_MASK, 0
0x0317	0x00F0      	MOVWF      R0
0x0318	0x082E      	MOVF       _LED3_MASK, 0
0x0319	0x04F0      	IORWF      R0, 1
0x031A	0x0870      	MOVF       R0, 0
0x031B	0x0488      	IORWF      PORTD, 1
;Code_embedded.c,160 :: 		}
0x031C	0x2B4B      	GOTO       L_main22
L_main21:
;Code_embedded.c,161 :: 		else if (tcount < TH_10CM) {
0x031D	0x082B      	MOVF       _TH_10CM+1, 0
0x031E	0x023F      	SUBWF      main_tcount_L0+1, 0
0x031F	0x1D03      	BTFSS      STATUS, 2
0x0320	0x2B23      	GOTO       L__main45
0x0321	0x082A      	MOVF       _TH_10CM, 0
0x0322	0x023E      	SUBWF      main_tcount_L0, 0
L__main45:
0x0323	0x1803      	BTFSC      STATUS, 0
0x0324	0x2B31      	GOTO       L_main23
;Code_embedded.c,162 :: 		PORTD = (PORTD & ~LED3_MASK) | (LED1_MASK | LED2_MASK);
0x0325	0x092E      	COMF       _LED3_MASK, 0
0x0326	0x00F0      	MOVWF      R0
0x0327	0x0870      	MOVF       R0, 0
0x0328	0x0508      	ANDWF      PORTD, 0
0x0329	0x00F1      	MOVWF      R1
0x032A	0x0826      	MOVF       _LED2_MASK, 0
0x032B	0x0427      	IORWF      _LED1_MASK, 0
0x032C	0x00F0      	MOVWF      R0
0x032D	0x0870      	MOVF       R0, 0
0x032E	0x0471      	IORWF      R1, 0
0x032F	0x0088      	MOVWF      PORTD
;Code_embedded.c,163 :: 		}
0x0330	0x2B4B      	GOTO       L_main24
L_main23:
;Code_embedded.c,164 :: 		else if (tcount < TH_15CM) {
0x0331	0x0829      	MOVF       _TH_15CM+1, 0
0x0332	0x023F      	SUBWF      main_tcount_L0+1, 0
0x0333	0x1D03      	BTFSS      STATUS, 2
0x0334	0x2B37      	GOTO       L__main46
0x0335	0x0828      	MOVF       _TH_15CM, 0
0x0336	0x023E      	SUBWF      main_tcount_L0, 0
L__main46:
0x0337	0x1803      	BTFSC      STATUS, 0
0x0338	0x2B43      	GOTO       L_main25
;Code_embedded.c,165 :: 		PORTD = (PORTD & ~(LED2_MASK|LED3_MASK)) | LED1_MASK;
0x0339	0x082E      	MOVF       _LED3_MASK, 0
0x033A	0x0426      	IORWF      _LED2_MASK, 0
0x033B	0x00F0      	MOVWF      R0
0x033C	0x09F0      	COMF       R0, 1
0x033D	0x0808      	MOVF       PORTD, 0
0x033E	0x05F0      	ANDWF      R0, 1
0x033F	0x0827      	MOVF       _LED1_MASK, 0
0x0340	0x0470      	IORWF      R0, 0
0x0341	0x0088      	MOVWF      PORTD
;Code_embedded.c,166 :: 		}
0x0342	0x2B4B      	GOTO       L_main26
L_main25:
;Code_embedded.c,168 :: 		PORTD &= ~(LED1_MASK|LED2_MASK|LED3_MASK);
0x0343	0x0826      	MOVF       _LED2_MASK, 0
0x0344	0x0427      	IORWF      _LED1_MASK, 0
0x0345	0x00F0      	MOVWF      R0
0x0346	0x082E      	MOVF       _LED3_MASK, 0
0x0347	0x04F0      	IORWF      R0, 1
0x0348	0x09F0      	COMF       R0, 1
0x0349	0x0870      	MOVF       R0, 0
0x034A	0x0588      	ANDWF      PORTD, 1
;Code_embedded.c,169 :: 		}
L_main26:
L_main24:
L_main22:
;Code_embedded.c,172 :: 		adc_val = Read_ADC(0);
0x034B	0x01C2      	CLRF       FARG_Read_ADC_channel
0x034C	0x216E      	CALL       _Read_ADC
;Code_embedded.c,173 :: 		temp    = adc_val * 0.488;
0x034D	0x2108      	CALL       _word2double
0x034E	0x3023      	MOVLW      35
0x034F	0x00F4      	MOVWF      R4
0x0350	0x30DB      	MOVLW      219
0x0351	0x00F5      	MOVWF      R4+1
0x0352	0x3079      	MOVLW      121
0x0353	0x00F6      	MOVWF      R4+2
0x0354	0x307D      	MOVLW      125
0x0355	0x00F7      	MOVWF      R4+3
0x0356	0x21A7      	CALL       _Mul_32x32_FP
;Code_embedded.c,174 :: 		if (temp > 30.0) {
0x0357	0x0870      	MOVF       R0, 0
0x0358	0x00F4      	MOVWF      R4
0x0359	0x0871      	MOVF       R0+1, 0
0x035A	0x00F5      	MOVWF      R4+1
0x035B	0x0872      	MOVF       R0+2, 0
0x035C	0x00F6      	MOVWF      R4+2
0x035D	0x0873      	MOVF       R0+3, 0
0x035E	0x00F7      	MOVWF      R4+3
0x035F	0x3000      	MOVLW      0
0x0360	0x00F0      	MOVWF      R0
0x0361	0x3000      	MOVLW      0
0x0362	0x00F1      	MOVWF      R0+1
0x0363	0x3070      	MOVLW      112
0x0364	0x00F2      	MOVWF      R0+2
0x0365	0x3083      	MOVLW      131
0x0366	0x00F3      	MOVWF      R0+3
0x0367	0x211E      	CALL       _Compare_Double
0x0368	0x3001      	MOVLW      1
0x0369	0x1803      	BTFSC      STATUS, 0
0x036A	0x3000      	MOVLW      0
0x036B	0x00F0      	MOVWF      R0
0x036C	0x0870      	MOVF       R0, 0
0x036D	0x1903      	BTFSC      STATUS, 2
0x036E	0x2B7C      	GOTO       L_main27
;Code_embedded.c,175 :: 		for (i = 0; i < 50; i++) {
0x036F	0x01BD      	CLRF       main_i_L0
L_main28:
0x0370	0x3032      	MOVLW      50
0x0371	0x023D      	SUBWF      main_i_L0, 0
0x0372	0x1803      	BTFSC      STATUS, 0
0x0373	0x2B7B      	GOTO       L_main29
;Code_embedded.c,176 :: 		PWM_Software(duty);
0x0374	0x0841      	MOVF       main_duty_L0, 0
0x0375	0x00C2      	MOVWF      FARG_PWM_Software_duty_percent
0x0376	0x20DE      	CALL       _PWM_Software
;Code_embedded.c,175 :: 		for (i = 0; i < 50; i++) {
0x0377	0x1283      	BCF        STATUS, 5
0x0378	0x1303      	BCF        STATUS, 6
0x0379	0x0ABD      	INCF       main_i_L0, 1
;Code_embedded.c,177 :: 		}
0x037A	0x2B70      	GOTO       L_main28
L_main29:
;Code_embedded.c,178 :: 		} else {
0x037B	0x2B80      	GOTO       L_main31
L_main27:
;Code_embedded.c,179 :: 		PORTD = PORTD & ~MOTOR_ENABLE_MASK;
0x037C	0x092C      	COMF       _MOTOR_ENABLE_MASK, 0
0x037D	0x00F0      	MOVWF      R0
0x037E	0x0870      	MOVF       R0, 0
0x037F	0x0588      	ANDWF      PORTD, 1
;Code_embedded.c,180 :: 		}
L_main31:
;Code_embedded.c,183 :: 		if (PORTB & IR_SENSOR_MASK) {
0x0380	0x0830      	MOVF       _IR_SENSOR_MASK, 0
0x0381	0x0506      	ANDWF      PORTB, 0
0x0382	0x00F0      	MOVWF      R0
0x0383	0x1903      	BTFSC      STATUS, 2
0x0384	0x2B8E      	GOTO       L_main32
;Code_embedded.c,185 :: 		PORTE = PORTE & ~(IR_LED1_MASK | IR_LED2_MASK);
0x0385	0x0831      	MOVF       _IR_LED2_MASK, 0
0x0386	0x042F      	IORWF      _IR_LED1_MASK, 0
0x0387	0x00F0      	MOVWF      R0
0x0388	0x09F0      	COMF       R0, 1
0x0389	0x0870      	MOVF       R0, 0
0x038A	0x0589      	ANDWF      PORTE, 1
;Code_embedded.c,186 :: 		servo_position = 62;
0x038B	0x303E      	MOVLW      62
0x038C	0x00C0      	MOVWF      main_servo_position_L0
;Code_embedded.c,187 :: 		} else {
0x038D	0x2B95      	GOTO       L_main33
L_main32:
;Code_embedded.c,189 :: 		PORTE = PORTE | (IR_LED1_MASK | IR_LED2_MASK);
0x038E	0x0831      	MOVF       _IR_LED2_MASK, 0
0x038F	0x042F      	IORWF      _IR_LED1_MASK, 0
0x0390	0x00F0      	MOVWF      R0
0x0391	0x0870      	MOVF       R0, 0
0x0392	0x0489      	IORWF      PORTE, 1
;Code_embedded.c,190 :: 		servo_position = 150;
0x0393	0x3096      	MOVLW      150
0x0394	0x00C0      	MOVWF      main_servo_position_L0
;Code_embedded.c,191 :: 		}
L_main33:
;Code_embedded.c,192 :: 		servo_control(servo_position);
0x0395	0x0840      	MOVF       main_servo_position_L0, 0
0x0396	0x00C2      	MOVWF      FARG_servo_control_position
0x0397	0x2103      	CALL       _servo_control
;Code_embedded.c,194 :: 		Delay_ms_New(100);
0x0398	0x3064      	MOVLW      100
0x0399	0x00C2      	MOVWF      FARG_Delay_ms_New_ms
0x039A	0x3000      	MOVLW      0
0x039B	0x00C3      	MOVWF      FARG_Delay_ms_New_ms+1
0x039C	0x2208      	CALL       _Delay_ms_New
;Code_embedded.c,195 :: 		}
0x039D	0x2ABC      	GOTO       L_main12
;Code_embedded.c,196 :: 		}
L_end_main:
0x039E	0x2B9E      	GOTO       $+0
; end of _main
Symbol List:
//** Routines locations **
//ADDRESS    SIZE    PROCEDURE
//----------------------------------------------
0x0004      [31]    _interrupt
0x0023       [7]    _RES032
0x002A      [12]    _SETFUN32
0x0036       [4]    _FIXSIGN32
0x003A      [30]    _Delay_us_New
0x0058       [7]    _____DoICP
0x005F      [12]    _SETFOV32
0x006B      [43]    _Mul_16X16_U
0x0096      [25]    _Mul_8X8_U
0x00AF      [47]    _NRM3232
0x00DE      [37]    _PWM_Software
0x0103       [5]    _servo_control
0x0108      [22]    _word2double
0x011E      [80]    _Compare_Double
0x016E      [38]    _Read_ADC
0x0194      [19]    _CCPPWM_init
0x01A7      [97]    _Mul_32x32_FP
0x0208      [21]    _Delay_ms_New
0x021D      [12]    ___CC2DW
0x0229     [374]    _main
//** Variables locations ** 
//ADDRESS    SIZE    VARIABLE
//----------------------------------------------
0x0000       [1]    INDF
0x0001       [1]    TMR0
0x0002       [1]    PCL
0x0003       [1]    STATUS
0x0004       [1]    FSR
0x0006       [1]    PORTB
0x0007       [1]    PORTC
0x0008       [1]    PORTD
0x0009       [1]    PORTE
0x000A       [1]    PCLATH
0x000B       [1]    INTCON
0x000E       [1]    TMR1L
0x000F       [1]    TMR1H
0x0010       [1]    T1CON
0x0012       [1]    T2CON
0x0015       [1]    CCPR1L
0x0017       [1]    CCP1CON
0x001E       [1]    ADRESH
0x001F       [1]    ADCON0
0x0020       [1]    __math_tempbD
0x0022       [1]    _GO_DONE_MASK
0x0023       [2]    _TH_5CM
0x0025       [1]    _FLAME_SENSOR_MASK
0x0026       [1]    _LED2_MASK
0x0027       [1]    _LED1_MASK
0x0028       [2]    _TH_15CM
0x002A       [2]    _TH_10CM
0x002C       [1]    _MOTOR_ENABLE_MASK
0x002D       [1]    _SERVO_MASK
0x002E       [1]    _LED3_MASK
0x002F       [1]    _IR_LED1_MASK
0x0030       [1]    _IR_SENSOR_MASK
0x0031       [1]    _IR_LED2_MASK
0x0032       [1]    _IN2_MASK
0x0033       [1]    _IN1_MASK
0x0034       [1]    _TRIG_MASK
0x0035       [1]    _ECHO_MASK
0x0036       [1]    _FLAME_LED_MASK
0x0037       [1]    _BUZZER_MASK
0x0038       [2]    ___DoICPAddr
0x003A       [1]    _flameDetected
0x003B       [1]    ___savePCLATH
0x003C       [1]    ___saveSTATUS
0x003D       [1]    main_i_L0
0x003E       [2]    main_tcount_L0
0x0040       [1]    main_servo_position_L0
0x0041       [1]    main_duty_L0
0x0042       [1]    FARG_PWM_Software_duty_percent
0x0042       [1]    FARG_servo_control_position
0x0042       [1]    FARG_Read_ADC_channel
0x0042       [2]    FARG_Delay_ms_New_ms
0x0044       [2]    FARG_Delay_us_New_us
0x0070       [1]    R0
0x0071       [1]    R1
0x0072       [1]    R2
0x0073       [1]    R3
0x0074       [1]    R4
0x0075       [1]    R5
0x0076       [1]    R6
0x0077       [1]    R7
0x0078       [1]    R8
0x0079       [1]    R9
0x007A       [1]    R10
0x007B       [1]    R11
0x007C       [1]    R12
0x007D       [1]    R13
0x007E       [1]    R14
0x007F       [1]    R15
0x0081       [1]    OPTION_REG
0x0085       [1]    TRISA
0x0086       [1]    TRISB
0x0087       [1]    TRISC
0x0088       [1]    TRISD
0x0089       [1]    TRISE
0x0092       [1]    PR2
0x009C       [1]    CMCON
0x009E       [1]    ADRESL
0x009F       [1]    ADCON1
